<?xml version="1.0" encoding="UTF-8"?>
<testsuite xmlns:xsi="http://www.w3.org/2001/XMLSchema-instance" xsi:noNamespaceSchemaLocation="https://maven.apache.org/surefire/maven-surefire-plugin/xsd/surefire-test-report.xsd" name="com.pcwk.ehr.JUnitUserDaoTest" time="1.676" tests="2" errors="0" skipped="0" failures="0">
  <properties>
[...]
</properties>
  <testcase name="addAndGet" classname="com.pcwk.ehr.JUnitUserDaoTest" time="0.949"/>
  <testcase name="getFailure" classname="com.pcwk.ehr.JUnitUserDaoTest" time="0.101"/>
</testsuite>