[2022-05-31 10:49:45.852] INFO  AbstractTestContextBootstrapper.getDefaultTestExecutionListenerClassNames(AbstractTestContextBootstrapper.java:245) - Loaded default TestExecutionListener class names from location [META-INF/spring.factories]: [org.springframework.test.context.web.ServletTestExecutionListener, org.springframework.test.context.support.DirtiesContextBeforeModesTestExecutionListener, org.springframework.test.context.event.ApplicationEventsTestExecutionListener, org.springframework.test.context.support.DependencyInjectionTestExecutionListener, org.springframework.test.context.support.DirtiesContextTestExecutionListener, org.springframework.test.context.transaction.TransactionalTestExecutionListener, org.springframework.test.context.jdbc.SqlScriptsTestExecutionListener, org.springframework.test.context.event.EventPublishingTestExecutionListener]
[2022-05-31 10:49:45.865] INFO  AbstractTestContextBootstrapper.getTestExecutionListeners(AbstractTestContextBootstrapper.java:174) - Using TestExecutionListeners: [org.springframework.test.context.support.DirtiesContextBeforeModesTestExecutionListener@15de0b3c, org.springframework.test.context.event.ApplicationEventsTestExecutionListener@489115ef, org.springframework.test.context.support.DependencyInjectionTestExecutionListener@3857f613, org.springframework.test.context.support.DirtiesContextTestExecutionListener@198b6731, org.springframework.test.context.transaction.TransactionalTestExecutionListener@7c6908d7, org.springframework.test.context.jdbc.SqlScriptsTestExecutionListener@3c9754d8, org.springframework.test.context.event.EventPublishingTestExecutionListener@3bf7ca37]
[2022-05-31 10:49:46.116] DEBUG JUnitUserDaoTest.setUp(JUnitUserDaoTest.java:90) - ========================
[2022-05-31 10:49:46.117] DEBUG JUnitUserDaoTest.setUp(JUnitUserDaoTest.java:91) - =0.setUp()=
[2022-05-31 10:49:46.117] DEBUG JUnitUserDaoTest.setUp(JUnitUserDaoTest.java:92) - ========================
[2022-05-31 10:49:46.118] DEBUG JUnitUserDaoTest.setUp(JUnitUserDaoTest.java:97) - context : org.springframework.context.support.GenericApplicationContext@4c309d4d, started on Tue May 31 10:49:45 KST 2022
[2022-05-31 10:49:46.119] DEBUG JUnitUserDaoTest.setUp(JUnitUserDaoTest.java:98) - dao : com.pcwk.ehr.UserDao@64ec96c6
[2022-05-31 10:49:46.119] DEBUG JUnitUserDaoTest.addAndGet(JUnitUserDaoTest.java:35) - ========================
[2022-05-31 10:49:46.119] DEBUG JUnitUserDaoTest.addAndGet(JUnitUserDaoTest.java:36) - =1.addAndGet()=
[2022-05-31 10:49:46.119] DEBUG JUnitUserDaoTest.addAndGet(JUnitUserDaoTest.java:37) - ========================
[2022-05-31 10:49:46.571] DEBUG UserDao.deleteAll(UserDao.java:84) - ============================
[2022-05-31 10:49:46.571] DEBUG UserDao.deleteAll(UserDao.java:85) - sql:
DELETE FROM hr_member 

[2022-05-31 10:49:46.572] DEBUG UserDao.deleteAll(UserDao.java:86) - ============================
[2022-05-31 10:49:46.632] DEBUG UserDao.deleteAll(UserDao.java:93) - flag:0
[2022-05-31 10:49:46.694] DEBUG UserDao.getCount(UserDao.java:40) - ============================
[2022-05-31 10:49:46.694] DEBUG UserDao.getCount(UserDao.java:41) - param:UserVO [uId=p03, name=김동호03, passwd=1130]
[2022-05-31 10:49:46.694] DEBUG UserDao.getCount(UserDao.java:42) - sql:
SELECT COUNT(*) AS cnt   
FROM hr_member           
WHERE u_id LIKE ? || '%' 

[2022-05-31 10:49:46.694] DEBUG UserDao.getCount(UserDao.java:43) - ============================
[2022-05-31 10:49:46.731] DEBUG UserDao.getCount(UserDao.java:54) - ============================
[2022-05-31 10:49:46.731] DEBUG UserDao.getCount(UserDao.java:55) - count=0
[2022-05-31 10:49:46.731] DEBUG UserDao.getCount(UserDao.java:56) - ============================
[2022-05-31 10:49:46.787] DEBUG UserDao.add(UserDao.java:196) - ============================
[2022-05-31 10:49:46.788] DEBUG UserDao.add(UserDao.java:197) - param:UserVO [uId=p03, name=김동호03, passwd=1130]
[2022-05-31 10:49:46.788] DEBUG UserDao.add(UserDao.java:198) - sql:
 INSERT INTO hr_member (    
 	    u_id,              
 	    name,              
 	    passwd             
 ) VALUES (                 
 	?,                     
 	?,                     
 	?                      
 )                          

[2022-05-31 10:49:46.788] DEBUG UserDao.add(UserDao.java:199) - ============================
[2022-05-31 10:49:46.791] DEBUG UserDao.add(UserDao.java:209) - flag:1
[2022-05-31 10:49:46.860] DEBUG UserDao.getCount(UserDao.java:40) - ============================
[2022-05-31 10:49:46.861] DEBUG UserDao.getCount(UserDao.java:41) - param:UserVO [uId=p03, name=김동호03, passwd=1130]
[2022-05-31 10:49:46.861] DEBUG UserDao.getCount(UserDao.java:42) - sql:
SELECT COUNT(*) AS cnt   
FROM hr_member           
WHERE u_id LIKE ? || '%' 

[2022-05-31 10:49:46.861] DEBUG UserDao.getCount(UserDao.java:43) - ============================
[2022-05-31 10:49:46.863] DEBUG UserDao.getCount(UserDao.java:54) - ============================
[2022-05-31 10:49:46.863] DEBUG UserDao.getCount(UserDao.java:55) - count=1
[2022-05-31 10:49:46.863] DEBUG UserDao.getCount(UserDao.java:56) - ============================
[2022-05-31 10:49:46.904] DEBUG UserDao.add(UserDao.java:196) - ============================
[2022-05-31 10:49:46.905] DEBUG UserDao.add(UserDao.java:197) - param:UserVO [uId=p030, name=김동호030, passwd=1130]
[2022-05-31 10:49:46.905] DEBUG UserDao.add(UserDao.java:198) - sql:
 INSERT INTO hr_member (    
 	    u_id,              
 	    name,              
 	    passwd             
 ) VALUES (                 
 	?,                     
 	?,                     
 	?                      
 )                          

[2022-05-31 10:49:46.905] DEBUG UserDao.add(UserDao.java:199) - ============================
[2022-05-31 10:49:46.907] DEBUG UserDao.add(UserDao.java:209) - flag:1
[2022-05-31 10:49:46.950] DEBUG UserDao.getCount(UserDao.java:40) - ============================
[2022-05-31 10:49:46.950] DEBUG UserDao.getCount(UserDao.java:41) - param:UserVO [uId=p03, name=김동호03, passwd=1130]
[2022-05-31 10:49:46.950] DEBUG UserDao.getCount(UserDao.java:42) - sql:
SELECT COUNT(*) AS cnt   
FROM hr_member           
WHERE u_id LIKE ? || '%' 

[2022-05-31 10:49:46.951] DEBUG UserDao.getCount(UserDao.java:43) - ============================
[2022-05-31 10:49:46.952] DEBUG UserDao.getCount(UserDao.java:54) - ============================
[2022-05-31 10:49:46.952] DEBUG UserDao.getCount(UserDao.java:55) - count=2
[2022-05-31 10:49:46.952] DEBUG UserDao.getCount(UserDao.java:56) - ============================
[2022-05-31 10:49:46.995] DEBUG UserDao.get(UserDao.java:126) - ============================
[2022-05-31 10:49:46.995] DEBUG UserDao.get(UserDao.java:127) - param:UserVO [uId=p03, name=김동호03, passwd=1130]
[2022-05-31 10:49:46.995] DEBUG UserDao.get(UserDao.java:128) - sql:
SELECT u_id,     
       name,     
       passwd    
FROM   hr_member 
WHERE  u_id = ?  

[2022-05-31 10:49:46.995] DEBUG UserDao.get(UserDao.java:129) - ============================
[2022-05-31 10:49:47.003] DEBUG UserDao.get(UserDao.java:149) - ============================
[2022-05-31 10:49:47.003] DEBUG UserDao.get(UserDao.java:150) - outVO=UserVO [uId=p03, name=김동호03, passwd=1130]
[2022-05-31 10:49:47.003] DEBUG UserDao.get(UserDao.java:151) - ============================
[2022-05-31 10:49:47.054] DEBUG UserDao.get(UserDao.java:126) - ============================
[2022-05-31 10:49:47.054] DEBUG UserDao.get(UserDao.java:127) - param:UserVO [uId=p030, name=김동호030, passwd=1130]
[2022-05-31 10:49:47.055] DEBUG UserDao.get(UserDao.java:128) - sql:
SELECT u_id,     
       name,     
       passwd    
FROM   hr_member 
WHERE  u_id = ?  

[2022-05-31 10:49:47.055] DEBUG UserDao.get(UserDao.java:129) - ============================
[2022-05-31 10:49:47.056] DEBUG UserDao.get(UserDao.java:149) - ============================
[2022-05-31 10:49:47.056] DEBUG UserDao.get(UserDao.java:150) - outVO=UserVO [uId=p030, name=김동호030, passwd=1130]
[2022-05-31 10:49:47.056] DEBUG UserDao.get(UserDao.java:151) - ============================
[2022-05-31 10:49:47.059] DEBUG JUnitUserDaoTest.tearDown(JUnitUserDaoTest.java:106) - ========================
[2022-05-31 10:49:47.059] DEBUG JUnitUserDaoTest.tearDown(JUnitUserDaoTest.java:107) - =9.tearDown()=
[2022-05-31 10:49:47.059] DEBUG JUnitUserDaoTest.tearDown(JUnitUserDaoTest.java:108) - ========================
[2022-05-31 10:49:47.061] DEBUG JUnitUserDaoTest.setUp(JUnitUserDaoTest.java:90) - ========================
[2022-05-31 10:49:47.061] DEBUG JUnitUserDaoTest.setUp(JUnitUserDaoTest.java:91) - =0.setUp()=
[2022-05-31 10:49:47.061] DEBUG JUnitUserDaoTest.setUp(JUnitUserDaoTest.java:92) - ========================
[2022-05-31 10:49:47.061] DEBUG JUnitUserDaoTest.setUp(JUnitUserDaoTest.java:97) - context : org.springframework.context.support.GenericApplicationContext@4c309d4d, started on Tue May 31 10:49:45 KST 2022
[2022-05-31 10:49:47.062] DEBUG JUnitUserDaoTest.setUp(JUnitUserDaoTest.java:98) - dao : com.pcwk.ehr.UserDao@64ec96c6
[2022-05-31 10:49:47.062] DEBUG JUnitUserDaoTest.getFailure(JUnitUserDaoTest.java:79) - ========================
[2022-05-31 10:49:47.062] DEBUG JUnitUserDaoTest.getFailure(JUnitUserDaoTest.java:80) - =2.getFailure()=
[2022-05-31 10:49:47.062] DEBUG JUnitUserDaoTest.getFailure(JUnitUserDaoTest.java:81) - ========================
[2022-05-31 10:49:47.105] DEBUG UserDao.deleteAll(UserDao.java:84) - ============================
[2022-05-31 10:49:47.105] DEBUG UserDao.deleteAll(UserDao.java:85) - sql:
DELETE FROM hr_member 

[2022-05-31 10:49:47.105] DEBUG UserDao.deleteAll(UserDao.java:86) - ============================
[2022-05-31 10:49:47.106] DEBUG UserDao.deleteAll(UserDao.java:93) - flag:2
[2022-05-31 10:49:47.147] DEBUG UserDao.get(UserDao.java:126) - ============================
[2022-05-31 10:49:47.147] DEBUG UserDao.get(UserDao.java:127) - param:UserVO [uId=p03, name=김동호03, passwd=1130]
[2022-05-31 10:49:47.147] DEBUG UserDao.get(UserDao.java:128) - sql:
SELECT u_id,     
       name,     
       passwd    
FROM   hr_member 
WHERE  u_id = ?  

[2022-05-31 10:49:47.147] DEBUG UserDao.get(UserDao.java:129) - ============================
[2022-05-31 10:49:47.148] DEBUG JUnitUserDaoTest.tearDown(JUnitUserDaoTest.java:106) - ========================
[2022-05-31 10:49:47.148] DEBUG JUnitUserDaoTest.tearDown(JUnitUserDaoTest.java:107) - =9.tearDown()=
[2022-05-31 10:49:47.148] DEBUG JUnitUserDaoTest.tearDown(JUnitUserDaoTest.java:108) - ========================
[2022-05-31 11:13:52.024] INFO  AbstractTestContextBootstrapper.getDefaultTestExecutionListenerClassNames(AbstractTestContextBootstrapper.java:245) - Loaded default TestExecutionListener class names from location [META-INF/spring.factories]: [org.springframework.test.context.web.ServletTestExecutionListener, org.springframework.test.context.support.DirtiesContextBeforeModesTestExecutionListener, org.springframework.test.context.event.ApplicationEventsTestExecutionListener, org.springframework.test.context.support.DependencyInjectionTestExecutionListener, org.springframework.test.context.support.DirtiesContextTestExecutionListener, org.springframework.test.context.transaction.TransactionalTestExecutionListener, org.springframework.test.context.jdbc.SqlScriptsTestExecutionListener, org.springframework.test.context.event.EventPublishingTestExecutionListener]
[2022-05-31 11:13:52.033] INFO  AbstractTestContextBootstrapper.getTestExecutionListeners(AbstractTestContextBootstrapper.java:174) - Using TestExecutionListeners: [org.springframework.test.context.support.DirtiesContextBeforeModesTestExecutionListener@15de0b3c, org.springframework.test.context.event.ApplicationEventsTestExecutionListener@489115ef, org.springframework.test.context.support.DependencyInjectionTestExecutionListener@3857f613, org.springframework.test.context.support.DirtiesContextTestExecutionListener@198b6731, org.springframework.test.context.transaction.TransactionalTestExecutionListener@7c6908d7, org.springframework.test.context.jdbc.SqlScriptsTestExecutionListener@3c9754d8, org.springframework.test.context.event.EventPublishingTestExecutionListener@3bf7ca37]
[2022-05-31 11:13:52.245] DEBUG JUnitUserDaoTest.setUp(JUnitUserDaoTest.java:90) - ========================
[2022-05-31 11:13:52.246] DEBUG JUnitUserDaoTest.setUp(JUnitUserDaoTest.java:91) - =0.setUp()=
[2022-05-31 11:13:52.246] DEBUG JUnitUserDaoTest.setUp(JUnitUserDaoTest.java:92) - ========================
[2022-05-31 11:13:52.247] DEBUG JUnitUserDaoTest.setUp(JUnitUserDaoTest.java:97) - context : org.springframework.context.support.GenericApplicationContext@4c309d4d, started on Tue May 31 11:13:52 KST 2022
[2022-05-31 11:13:52.248] DEBUG JUnitUserDaoTest.setUp(JUnitUserDaoTest.java:98) - dao : com.pcwk.ehr.UserDao@64ec96c6
[2022-05-31 11:13:52.248] DEBUG JUnitUserDaoTest.addAndGet(JUnitUserDaoTest.java:35) - ========================
[2022-05-31 11:13:52.248] DEBUG JUnitUserDaoTest.addAndGet(JUnitUserDaoTest.java:36) - =1.addAndGet()=
[2022-05-31 11:13:52.248] DEBUG JUnitUserDaoTest.addAndGet(JUnitUserDaoTest.java:37) - ========================
[2022-05-31 11:13:52.623] DEBUG UserDao.makeStatement(UserDao.java:73) - ============================
[2022-05-31 11:13:52.623] DEBUG UserDao.makeStatement(UserDao.java:74) - sql:
DELETE FROM hr_member 

[2022-05-31 11:13:52.623] DEBUG UserDao.makeStatement(UserDao.java:75) - ============================
[2022-05-31 11:13:52.679] DEBUG UserDao.deleteAll(UserDao.java:100) - flag:2
[2022-05-31 11:13:52.738] DEBUG UserDao.getCount(UserDao.java:40) - ============================
[2022-05-31 11:13:52.738] DEBUG UserDao.getCount(UserDao.java:41) - param:UserVO [uId=p03, name=김동호03, passwd=1130]
[2022-05-31 11:13:52.738] DEBUG UserDao.getCount(UserDao.java:42) - sql:
SELECT COUNT(*) AS cnt   
FROM hr_member           
WHERE u_id LIKE ? || '%' 

[2022-05-31 11:13:52.738] DEBUG UserDao.getCount(UserDao.java:43) - ============================
[2022-05-31 11:13:52.771] DEBUG UserDao.getCount(UserDao.java:54) - ============================
[2022-05-31 11:13:52.771] DEBUG UserDao.getCount(UserDao.java:55) - count=0
[2022-05-31 11:13:52.771] DEBUG UserDao.getCount(UserDao.java:56) - ============================
[2022-05-31 11:13:52.824] DEBUG UserDao.add(UserDao.java:220) - ============================
[2022-05-31 11:13:52.825] DEBUG UserDao.add(UserDao.java:221) - param:UserVO [uId=p03, name=김동호03, passwd=1130]
[2022-05-31 11:13:52.825] DEBUG UserDao.add(UserDao.java:222) - sql:
 INSERT INTO hr_member (    
 	    u_id,              
 	    name,              
 	    passwd             
 ) VALUES (                 
 	?,                     
 	?,                     
 	?                      
 )                          

[2022-05-31 11:13:52.825] DEBUG UserDao.add(UserDao.java:223) - ============================
[2022-05-31 11:13:52.826] DEBUG UserDao.add(UserDao.java:233) - flag:1
[2022-05-31 11:13:52.872] DEBUG UserDao.getCount(UserDao.java:40) - ============================
[2022-05-31 11:13:52.872] DEBUG UserDao.getCount(UserDao.java:41) - param:UserVO [uId=p03, name=김동호03, passwd=1130]
[2022-05-31 11:13:52.872] DEBUG UserDao.getCount(UserDao.java:42) - sql:
SELECT COUNT(*) AS cnt   
FROM hr_member           
WHERE u_id LIKE ? || '%' 

[2022-05-31 11:13:52.872] DEBUG UserDao.getCount(UserDao.java:43) - ============================
[2022-05-31 11:13:52.873] DEBUG UserDao.getCount(UserDao.java:54) - ============================
[2022-05-31 11:13:52.873] DEBUG UserDao.getCount(UserDao.java:55) - count=1
[2022-05-31 11:13:52.873] DEBUG UserDao.getCount(UserDao.java:56) - ============================
[2022-05-31 11:13:52.924] DEBUG UserDao.add(UserDao.java:220) - ============================
[2022-05-31 11:13:52.924] DEBUG UserDao.add(UserDao.java:221) - param:UserVO [uId=p030, name=김동호030, passwd=1130]
[2022-05-31 11:13:52.924] DEBUG UserDao.add(UserDao.java:222) - sql:
 INSERT INTO hr_member (    
 	    u_id,              
 	    name,              
 	    passwd             
 ) VALUES (                 
 	?,                     
 	?,                     
 	?                      
 )                          

[2022-05-31 11:13:52.924] DEBUG UserDao.add(UserDao.java:223) - ============================
[2022-05-31 11:13:52.925] DEBUG UserDao.add(UserDao.java:233) - flag:1
[2022-05-31 11:13:52.968] DEBUG UserDao.getCount(UserDao.java:40) - ============================
[2022-05-31 11:13:52.968] DEBUG UserDao.getCount(UserDao.java:41) - param:UserVO [uId=p03, name=김동호03, passwd=1130]
[2022-05-31 11:13:52.969] DEBUG UserDao.getCount(UserDao.java:42) - sql:
SELECT COUNT(*) AS cnt   
FROM hr_member           
WHERE u_id LIKE ? || '%' 

[2022-05-31 11:13:52.969] DEBUG UserDao.getCount(UserDao.java:43) - ============================
[2022-05-31 11:13:52.970] DEBUG UserDao.getCount(UserDao.java:54) - ============================
[2022-05-31 11:13:52.970] DEBUG UserDao.getCount(UserDao.java:55) - count=2
[2022-05-31 11:13:52.970] DEBUG UserDao.getCount(UserDao.java:56) - ============================
[2022-05-31 11:13:53.018] DEBUG UserDao.get(UserDao.java:150) - ============================
[2022-05-31 11:13:53.018] DEBUG UserDao.get(UserDao.java:151) - param:UserVO [uId=p03, name=김동호03, passwd=1130]
[2022-05-31 11:13:53.018] DEBUG UserDao.get(UserDao.java:152) - sql:
SELECT u_id,     
       name,     
       passwd    
FROM   hr_member 
WHERE  u_id = ?  

[2022-05-31 11:13:53.018] DEBUG UserDao.get(UserDao.java:153) - ============================
[2022-05-31 11:13:53.032] DEBUG UserDao.get(UserDao.java:173) - ============================
[2022-05-31 11:13:53.032] DEBUG UserDao.get(UserDao.java:174) - outVO=UserVO [uId=p03, name=김동호03, passwd=1130]
[2022-05-31 11:13:53.032] DEBUG UserDao.get(UserDao.java:175) - ============================
[2022-05-31 11:13:53.097] DEBUG UserDao.get(UserDao.java:150) - ============================
[2022-05-31 11:13:53.097] DEBUG UserDao.get(UserDao.java:151) - param:UserVO [uId=p030, name=김동호030, passwd=1130]
[2022-05-31 11:13:53.097] DEBUG UserDao.get(UserDao.java:152) - sql:
SELECT u_id,     
       name,     
       passwd    
FROM   hr_member 
WHERE  u_id = ?  

[2022-05-31 11:13:53.098] DEBUG UserDao.get(UserDao.java:153) - ============================
[2022-05-31 11:13:53.099] DEBUG UserDao.get(UserDao.java:173) - ============================
[2022-05-31 11:13:53.099] DEBUG UserDao.get(UserDao.java:174) - outVO=UserVO [uId=p030, name=김동호030, passwd=1130]
[2022-05-31 11:13:53.099] DEBUG UserDao.get(UserDao.java:175) - ============================
[2022-05-31 11:13:53.101] DEBUG JUnitUserDaoTest.tearDown(JUnitUserDaoTest.java:106) - ========================
[2022-05-31 11:13:53.101] DEBUG JUnitUserDaoTest.tearDown(JUnitUserDaoTest.java:107) - =9.tearDown()=
[2022-05-31 11:13:53.101] DEBUG JUnitUserDaoTest.tearDown(JUnitUserDaoTest.java:108) - ========================
[2022-05-31 11:13:53.103] DEBUG JUnitUserDaoTest.setUp(JUnitUserDaoTest.java:90) - ========================
[2022-05-31 11:13:53.103] DEBUG JUnitUserDaoTest.setUp(JUnitUserDaoTest.java:91) - =0.setUp()=
[2022-05-31 11:13:53.103] DEBUG JUnitUserDaoTest.setUp(JUnitUserDaoTest.java:92) - ========================
[2022-05-31 11:13:53.104] DEBUG JUnitUserDaoTest.setUp(JUnitUserDaoTest.java:97) - context : org.springframework.context.support.GenericApplicationContext@4c309d4d, started on Tue May 31 11:13:52 KST 2022
[2022-05-31 11:13:53.104] DEBUG JUnitUserDaoTest.setUp(JUnitUserDaoTest.java:98) - dao : com.pcwk.ehr.UserDao@64ec96c6
[2022-05-31 11:13:53.104] DEBUG JUnitUserDaoTest.getFailure(JUnitUserDaoTest.java:79) - ========================
[2022-05-31 11:13:53.104] DEBUG JUnitUserDaoTest.getFailure(JUnitUserDaoTest.java:80) - =2.getFailure()=
[2022-05-31 11:13:53.104] DEBUG JUnitUserDaoTest.getFailure(JUnitUserDaoTest.java:81) - ========================
[2022-05-31 11:13:53.145] DEBUG UserDao.makeStatement(UserDao.java:73) - ============================
[2022-05-31 11:13:53.145] DEBUG UserDao.makeStatement(UserDao.java:74) - sql:
DELETE FROM hr_member 

[2022-05-31 11:13:53.145] DEBUG UserDao.makeStatement(UserDao.java:75) - ============================
[2022-05-31 11:13:53.146] DEBUG UserDao.deleteAll(UserDao.java:100) - flag:2
[2022-05-31 11:13:53.193] DEBUG UserDao.get(UserDao.java:150) - ============================
[2022-05-31 11:13:53.193] DEBUG UserDao.get(UserDao.java:151) - param:UserVO [uId=p03, name=김동호03, passwd=1130]
[2022-05-31 11:13:53.193] DEBUG UserDao.get(UserDao.java:152) - sql:
SELECT u_id,     
       name,     
       passwd    
FROM   hr_member 
WHERE  u_id = ?  

[2022-05-31 11:13:53.193] DEBUG UserDao.get(UserDao.java:153) - ============================
[2022-05-31 11:13:53.194] DEBUG JUnitUserDaoTest.tearDown(JUnitUserDaoTest.java:106) - ========================
[2022-05-31 11:13:53.194] DEBUG JUnitUserDaoTest.tearDown(JUnitUserDaoTest.java:107) - =9.tearDown()=
[2022-05-31 11:13:53.195] DEBUG JUnitUserDaoTest.tearDown(JUnitUserDaoTest.java:108) - ========================
[2022-05-31 11:30:24.494] INFO  AbstractTestContextBootstrapper.getDefaultTestExecutionListenerClassNames(AbstractTestContextBootstrapper.java:245) - Loaded default TestExecutionListener class names from location [META-INF/spring.factories]: [org.springframework.test.context.web.ServletTestExecutionListener, org.springframework.test.context.support.DirtiesContextBeforeModesTestExecutionListener, org.springframework.test.context.event.ApplicationEventsTestExecutionListener, org.springframework.test.context.support.DependencyInjectionTestExecutionListener, org.springframework.test.context.support.DirtiesContextTestExecutionListener, org.springframework.test.context.transaction.TransactionalTestExecutionListener, org.springframework.test.context.jdbc.SqlScriptsTestExecutionListener, org.springframework.test.context.event.EventPublishingTestExecutionListener]
[2022-05-31 11:30:24.503] INFO  AbstractTestContextBootstrapper.getTestExecutionListeners(AbstractTestContextBootstrapper.java:174) - Using TestExecutionListeners: [org.springframework.test.context.support.DirtiesContextBeforeModesTestExecutionListener@15de0b3c, org.springframework.test.context.event.ApplicationEventsTestExecutionListener@489115ef, org.springframework.test.context.support.DependencyInjectionTestExecutionListener@3857f613, org.springframework.test.context.support.DirtiesContextTestExecutionListener@198b6731, org.springframework.test.context.transaction.TransactionalTestExecutionListener@7c6908d7, org.springframework.test.context.jdbc.SqlScriptsTestExecutionListener@3c9754d8, org.springframework.test.context.event.EventPublishingTestExecutionListener@3bf7ca37]
[2022-05-31 11:30:24.695] WARN  AbstractApplicationContext.refresh(AbstractApplicationContext.java:591) - Exception encountered during context initialization - cancelling refresh attempt: org.springframework.beans.factory.BeanCreationException: Error creating bean with name 'userDao' defined in class path resource [applicationContext.xml]: Instantiation of bean failed; nested exception is org.springframework.beans.BeanInstantiationException: Failed to instantiate [com.pcwk.ehr.UserDao]: Is it an abstract class?; nested exception is java.lang.InstantiationException
[2022-05-31 11:30:24.697] ERROR TestContextManager.prepareTestInstance(TestContextManager.java:252) - Caught exception while allowing TestExecutionListener [org.springframework.test.context.support.DependencyInjectionTestExecutionListener@3857f613] to prepare test instance [com.pcwk.ehr.JUnitUserDaoTest@415b0b49]
java.lang.IllegalStateException: Failed to load ApplicationContext
	at org.springframework.test.context.cache.DefaultCacheAwareContextLoaderDelegate.loadContext(DefaultCacheAwareContextLoaderDelegate.java:132) ~[spring-test-5.3.18.jar:5.3.18]
	at org.springframework.test.context.support.DefaultTestContext.getApplicationContext(DefaultTestContext.java:124) ~[spring-test-5.3.18.jar:5.3.18]
	at org.springframework.test.context.support.DependencyInjectionTestExecutionListener.injectDependencies(DependencyInjectionTestExecutionListener.java:118) ~[spring-test-5.3.18.jar:5.3.18]
	at org.springframework.test.context.support.DependencyInjectionTestExecutionListener.prepareTestInstance(DependencyInjectionTestExecutionListener.java:83) ~[spring-test-5.3.18.jar:5.3.18]
	at org.springframework.test.context.TestContextManager.prepareTestInstance(TestContextManager.java:248) ~[spring-test-5.3.18.jar:5.3.18]
	at org.springframework.test.context.junit4.SpringJUnit4ClassRunner.createTest(SpringJUnit4ClassRunner.java:227) ~[spring-test-5.3.18.jar:5.3.18]
	at org.springframework.test.context.junit4.SpringJUnit4ClassRunner$1.runReflectiveCall(SpringJUnit4ClassRunner.java:289) ~[spring-test-5.3.18.jar:5.3.18]
	at org.junit.internal.runners.model.ReflectiveCallable.run(ReflectiveCallable.java:12) ~[junit-4.13.2.jar:4.13.2]
	at org.springframework.test.context.junit4.SpringJUnit4ClassRunner.methodBlock(SpringJUnit4ClassRunner.java:291) ~[spring-test-5.3.18.jar:5.3.18]
	at org.springframework.test.context.junit4.SpringJUnit4ClassRunner.runChild(SpringJUnit4ClassRunner.java:246) ~[spring-test-5.3.18.jar:5.3.18]
	at org.springframework.test.context.junit4.SpringJUnit4ClassRunner.runChild(SpringJUnit4ClassRunner.java:97) ~[spring-test-5.3.18.jar:5.3.18]
	at org.junit.runners.ParentRunner$4.run(ParentRunner.java:331) ~[junit-4.13.2.jar:4.13.2]
	at org.junit.runners.ParentRunner$1.schedule(ParentRunner.java:79) ~[junit-4.13.2.jar:4.13.2]
	at org.junit.runners.ParentRunner.runChildren(ParentRunner.java:329) ~[junit-4.13.2.jar:4.13.2]
	at org.junit.runners.ParentRunner.access$100(ParentRunner.java:66) ~[junit-4.13.2.jar:4.13.2]
	at org.junit.runners.ParentRunner$2.evaluate(ParentRunner.java:293) ~[junit-4.13.2.jar:4.13.2]
	at org.springframework.test.context.junit4.statements.RunBeforeTestClassCallbacks.evaluate(RunBeforeTestClassCallbacks.java:61) ~[spring-test-5.3.18.jar:5.3.18]
	at org.springframework.test.context.junit4.statements.RunAfterTestClassCallbacks.evaluate(RunAfterTestClassCallbacks.java:70) ~[spring-test-5.3.18.jar:5.3.18]
	at org.junit.runners.ParentRunner$3.evaluate(ParentRunner.java:306) ~[junit-4.13.2.jar:4.13.2]
	at org.junit.runners.ParentRunner.run(ParentRunner.java:413) ~[junit-4.13.2.jar:4.13.2]
	at org.springframework.test.context.junit4.SpringJUnit4ClassRunner.run(SpringJUnit4ClassRunner.java:190) ~[spring-test-5.3.18.jar:5.3.18]
	at org.eclipse.jdt.internal.junit4.runner.JUnit4TestReference.run(JUnit4TestReference.java:89) ~[.cp/:?]
	at org.eclipse.jdt.internal.junit.runner.TestExecution.run(TestExecution.java:41) ~[.cp/:?]
	at org.eclipse.jdt.internal.junit.runner.RemoteTestRunner.runTests(RemoteTestRunner.java:542) ~[.cp/:?]
	at org.eclipse.jdt.internal.junit.runner.RemoteTestRunner.runTests(RemoteTestRunner.java:770) ~[.cp/:?]
	at org.eclipse.jdt.internal.junit.runner.RemoteTestRunner.run(RemoteTestRunner.java:464) ~[.cp/:?]
	at org.eclipse.jdt.internal.junit.runner.RemoteTestRunner.main(RemoteTestRunner.java:210) ~[.cp/:?]
Caused by: org.springframework.beans.factory.BeanCreationException: Error creating bean with name 'userDao' defined in class path resource [applicationContext.xml]: Instantiation of bean failed; nested exception is org.springframework.beans.BeanInstantiationException: Failed to instantiate [com.pcwk.ehr.UserDao]: Is it an abstract class?; nested exception is java.lang.InstantiationException
	at org.springframework.beans.factory.support.AbstractAutowireCapableBeanFactory.instantiateBean(AbstractAutowireCapableBeanFactory.java:1334) ~[spring-beans-5.3.18.jar:5.3.18]
	at org.springframework.beans.factory.support.AbstractAutowireCapableBeanFactory.createBeanInstance(AbstractAutowireCapableBeanFactory.java:1232) ~[spring-beans-5.3.18.jar:5.3.18]
	at org.springframework.beans.factory.support.AbstractAutowireCapableBeanFactory.doCreateBean(AbstractAutowireCapableBeanFactory.java:582) ~[spring-beans-5.3.18.jar:5.3.18]
	at org.springframework.beans.factory.support.AbstractAutowireCapableBeanFactory.createBean(AbstractAutowireCapableBeanFactory.java:542) ~[spring-beans-5.3.18.jar:5.3.18]
	at org.springframework.beans.factory.support.AbstractBeanFactory.lambda$doGetBean$0(AbstractBeanFactory.java:335) ~[spring-beans-5.3.18.jar:5.3.18]
	at org.springframework.beans.factory.support.DefaultSingletonBeanRegistry.getSingleton(DefaultSingletonBeanRegistry.java:234) ~[spring-beans-5.3.18.jar:5.3.18]
	at org.springframework.beans.factory.support.AbstractBeanFactory.doGetBean(AbstractBeanFactory.java:333) ~[spring-beans-5.3.18.jar:5.3.18]
	at org.springframework.beans.factory.support.AbstractBeanFactory.getBean(AbstractBeanFactory.java:208) ~[spring-beans-5.3.18.jar:5.3.18]
	at org.springframework.beans.factory.support.DefaultListableBeanFactory.preInstantiateSingletons(DefaultListableBeanFactory.java:953) ~[spring-beans-5.3.18.jar:5.3.18]
	at org.springframework.context.support.AbstractApplicationContext.finishBeanFactoryInitialization(AbstractApplicationContext.java:918) ~[spring-context-5.3.18.jar:5.3.18]
	at org.springframework.context.support.AbstractApplicationContext.refresh(AbstractApplicationContext.java:583) ~[spring-context-5.3.18.jar:5.3.18]
	at org.springframework.test.context.support.AbstractGenericContextLoader.loadContext(AbstractGenericContextLoader.java:127) ~[spring-test-5.3.18.jar:5.3.18]
	at org.springframework.test.context.support.AbstractGenericContextLoader.loadContext(AbstractGenericContextLoader.java:60) ~[spring-test-5.3.18.jar:5.3.18]
	at org.springframework.test.context.support.AbstractDelegatingSmartContextLoader.delegateLoading(AbstractDelegatingSmartContextLoader.java:275) ~[spring-test-5.3.18.jar:5.3.18]
	at org.springframework.test.context.support.AbstractDelegatingSmartContextLoader.loadContext(AbstractDelegatingSmartContextLoader.java:243) ~[spring-test-5.3.18.jar:5.3.18]
	at org.springframework.test.context.cache.DefaultCacheAwareContextLoaderDelegate.loadContextInternal(DefaultCacheAwareContextLoaderDelegate.java:99) ~[spring-test-5.3.18.jar:5.3.18]
	at org.springframework.test.context.cache.DefaultCacheAwareContextLoaderDelegate.loadContext(DefaultCacheAwareContextLoaderDelegate.java:124) ~[spring-test-5.3.18.jar:5.3.18]
	... 26 more
Caused by: org.springframework.beans.BeanInstantiationException: Failed to instantiate [com.pcwk.ehr.UserDao]: Is it an abstract class?; nested exception is java.lang.InstantiationException
	at org.springframework.beans.BeanUtils.instantiateClass(BeanUtils.java:215) ~[spring-beans-5.3.18.jar:5.3.18]
	at org.springframework.beans.factory.support.SimpleInstantiationStrategy.instantiate(SimpleInstantiationStrategy.java:87) ~[spring-beans-5.3.18.jar:5.3.18]
	at org.springframework.beans.factory.support.AbstractAutowireCapableBeanFactory.instantiateBean(AbstractAutowireCapableBeanFactory.java:1326) ~[spring-beans-5.3.18.jar:5.3.18]
	at org.springframework.beans.factory.support.AbstractAutowireCapableBeanFactory.createBeanInstance(AbstractAutowireCapableBeanFactory.java:1232) ~[spring-beans-5.3.18.jar:5.3.18]
	at org.springframework.beans.factory.support.AbstractAutowireCapableBeanFactory.doCreateBean(AbstractAutowireCapableBeanFactory.java:582) ~[spring-beans-5.3.18.jar:5.3.18]
	at org.springframework.beans.factory.support.AbstractAutowireCapableBeanFactory.createBean(AbstractAutowireCapableBeanFactory.java:542) ~[spring-beans-5.3.18.jar:5.3.18]
	at org.springframework.beans.factory.support.AbstractBeanFactory.lambda$doGetBean$0(AbstractBeanFactory.java:335) ~[spring-beans-5.3.18.jar:5.3.18]
	at org.springframework.beans.factory.support.DefaultSingletonBeanRegistry.getSingleton(DefaultSingletonBeanRegistry.java:234) ~[spring-beans-5.3.18.jar:5.3.18]
	at org.springframework.beans.factory.support.AbstractBeanFactory.doGetBean(AbstractBeanFactory.java:333) ~[spring-beans-5.3.18.jar:5.3.18]
	at org.springframework.beans.factory.support.AbstractBeanFactory.getBean(AbstractBeanFactory.java:208) ~[spring-beans-5.3.18.jar:5.3.18]
	at org.springframework.beans.factory.support.DefaultListableBeanFactory.preInstantiateSingletons(DefaultListableBeanFactory.java:953) ~[spring-beans-5.3.18.jar:5.3.18]
	at org.springframework.context.support.AbstractApplicationContext.finishBeanFactoryInitialization(AbstractApplicationContext.java:918) ~[spring-context-5.3.18.jar:5.3.18]
	at org.springframework.context.support.AbstractApplicationContext.refresh(AbstractApplicationContext.java:583) ~[spring-context-5.3.18.jar:5.3.18]
	at org.springframework.test.context.support.AbstractGenericContextLoader.loadContext(AbstractGenericContextLoader.java:127) ~[spring-test-5.3.18.jar:5.3.18]
	at org.springframework.test.context.support.AbstractGenericContextLoader.loadContext(AbstractGenericContextLoader.java:60) ~[spring-test-5.3.18.jar:5.3.18]
	at org.springframework.test.context.support.AbstractDelegatingSmartContextLoader.delegateLoading(AbstractDelegatingSmartContextLoader.java:275) ~[spring-test-5.3.18.jar:5.3.18]
	at org.springframework.test.context.support.AbstractDelegatingSmartContextLoader.loadContext(AbstractDelegatingSmartContextLoader.java:243) ~[spring-test-5.3.18.jar:5.3.18]
	at org.springframework.test.context.cache.DefaultCacheAwareContextLoaderDelegate.loadContextInternal(DefaultCacheAwareContextLoaderDelegate.java:99) ~[spring-test-5.3.18.jar:5.3.18]
	at org.springframework.test.context.cache.DefaultCacheAwareContextLoaderDelegate.loadContext(DefaultCacheAwareContextLoaderDelegate.java:124) ~[spring-test-5.3.18.jar:5.3.18]
	... 26 more
Caused by: java.lang.InstantiationException
	at sun.reflect.InstantiationExceptionConstructorAccessorImpl.newInstance(InstantiationExceptionConstructorAccessorImpl.java:48) ~[?:1.8.0_202]
	at java.lang.reflect.Constructor.newInstance(Constructor.java:423) ~[?:1.8.0_202]
	at org.springframework.beans.BeanUtils.instantiateClass(BeanUtils.java:211) ~[spring-beans-5.3.18.jar:5.3.18]
	at org.springframework.beans.factory.support.SimpleInstantiationStrategy.instantiate(SimpleInstantiationStrategy.java:87) ~[spring-beans-5.3.18.jar:5.3.18]
	at org.springframework.beans.factory.support.AbstractAutowireCapableBeanFactory.instantiateBean(AbstractAutowireCapableBeanFactory.java:1326) ~[spring-beans-5.3.18.jar:5.3.18]
	at org.springframework.beans.factory.support.AbstractAutowireCapableBeanFactory.createBeanInstance(AbstractAutowireCapableBeanFactory.java:1232) ~[spring-beans-5.3.18.jar:5.3.18]
	at org.springframework.beans.factory.support.AbstractAutowireCapableBeanFactory.doCreateBean(AbstractAutowireCapableBeanFactory.java:582) ~[spring-beans-5.3.18.jar:5.3.18]
	at org.springframework.beans.factory.support.AbstractAutowireCapableBeanFactory.createBean(AbstractAutowireCapableBeanFactory.java:542) ~[spring-beans-5.3.18.jar:5.3.18]
	at org.springframework.beans.factory.support.AbstractBeanFactory.lambda$doGetBean$0(AbstractBeanFactory.java:335) ~[spring-beans-5.3.18.jar:5.3.18]
	at org.springframework.beans.factory.support.DefaultSingletonBeanRegistry.getSingleton(DefaultSingletonBeanRegistry.java:234) ~[spring-beans-5.3.18.jar:5.3.18]
	at org.springframework.beans.factory.support.AbstractBeanFactory.doGetBean(AbstractBeanFactory.java:333) ~[spring-beans-5.3.18.jar:5.3.18]
	at org.springframework.beans.factory.support.AbstractBeanFactory.getBean(AbstractBeanFactory.java:208) ~[spring-beans-5.3.18.jar:5.3.18]
	at org.springframework.beans.factory.support.DefaultListableBeanFactory.preInstantiateSingletons(DefaultListableBeanFactory.java:953) ~[spring-beans-5.3.18.jar:5.3.18]
	at org.springframework.context.support.AbstractApplicationContext.finishBeanFactoryInitialization(AbstractApplicationContext.java:918) ~[spring-context-5.3.18.jar:5.3.18]
	at org.springframework.context.support.AbstractApplicationContext.refresh(AbstractApplicationContext.java:583) ~[spring-context-5.3.18.jar:5.3.18]
	at org.springframework.test.context.support.AbstractGenericContextLoader.loadContext(AbstractGenericContextLoader.java:127) ~[spring-test-5.3.18.jar:5.3.18]
	at org.springframework.test.context.support.AbstractGenericContextLoader.loadContext(AbstractGenericContextLoader.java:60) ~[spring-test-5.3.18.jar:5.3.18]
	at org.springframework.test.context.support.AbstractDelegatingSmartContextLoader.delegateLoading(AbstractDelegatingSmartContextLoader.java:275) ~[spring-test-5.3.18.jar:5.3.18]
	at org.springframework.test.context.support.AbstractDelegatingSmartContextLoader.loadContext(AbstractDelegatingSmartContextLoader.java:243) ~[spring-test-5.3.18.jar:5.3.18]
	at org.springframework.test.context.cache.DefaultCacheAwareContextLoaderDelegate.loadContextInternal(DefaultCacheAwareContextLoaderDelegate.java:99) ~[spring-test-5.3.18.jar:5.3.18]
	at org.springframework.test.context.cache.DefaultCacheAwareContextLoaderDelegate.loadContext(DefaultCacheAwareContextLoaderDelegate.java:124) ~[spring-test-5.3.18.jar:5.3.18]
	... 26 more
[2022-05-31 11:30:24.721] WARN  AbstractApplicationContext.refresh(AbstractApplicationContext.java:591) - Exception encountered during context initialization - cancelling refresh attempt: org.springframework.beans.factory.BeanCreationException: Error creating bean with name 'userDao' defined in class path resource [applicationContext.xml]: Instantiation of bean failed; nested exception is org.springframework.beans.BeanInstantiationException: Failed to instantiate [com.pcwk.ehr.UserDao]: Is it an abstract class?; nested exception is java.lang.InstantiationException
[2022-05-31 11:30:24.721] ERROR TestContextManager.prepareTestInstance(TestContextManager.java:252) - Caught exception while allowing TestExecutionListener [org.springframework.test.context.support.DependencyInjectionTestExecutionListener@3857f613] to prepare test instance [com.pcwk.ehr.JUnitUserDaoTest@68878f6d]
java.lang.IllegalStateException: Failed to load ApplicationContext
	at org.springframework.test.context.cache.DefaultCacheAwareContextLoaderDelegate.loadContext(DefaultCacheAwareContextLoaderDelegate.java:132) ~[spring-test-5.3.18.jar:5.3.18]
	at org.springframework.test.context.support.DefaultTestContext.getApplicationContext(DefaultTestContext.java:124) ~[spring-test-5.3.18.jar:5.3.18]
	at org.springframework.test.context.support.DependencyInjectionTestExecutionListener.injectDependencies(DependencyInjectionTestExecutionListener.java:118) ~[spring-test-5.3.18.jar:5.3.18]
	at org.springframework.test.context.support.DependencyInjectionTestExecutionListener.prepareTestInstance(DependencyInjectionTestExecutionListener.java:83) ~[spring-test-5.3.18.jar:5.3.18]
	at org.springframework.test.context.TestContextManager.prepareTestInstance(TestContextManager.java:248) ~[spring-test-5.3.18.jar:5.3.18]
	at org.springframework.test.context.junit4.SpringJUnit4ClassRunner.createTest(SpringJUnit4ClassRunner.java:227) ~[spring-test-5.3.18.jar:5.3.18]
	at org.springframework.test.context.junit4.SpringJUnit4ClassRunner$1.runReflectiveCall(SpringJUnit4ClassRunner.java:289) ~[spring-test-5.3.18.jar:5.3.18]
	at org.junit.internal.runners.model.ReflectiveCallable.run(ReflectiveCallable.java:12) ~[junit-4.13.2.jar:4.13.2]
	at org.springframework.test.context.junit4.SpringJUnit4ClassRunner.methodBlock(SpringJUnit4ClassRunner.java:291) ~[spring-test-5.3.18.jar:5.3.18]
	at org.springframework.test.context.junit4.SpringJUnit4ClassRunner.runChild(SpringJUnit4ClassRunner.java:246) ~[spring-test-5.3.18.jar:5.3.18]
	at org.springframework.test.context.junit4.SpringJUnit4ClassRunner.runChild(SpringJUnit4ClassRunner.java:97) ~[spring-test-5.3.18.jar:5.3.18]
	at org.junit.runners.ParentRunner$4.run(ParentRunner.java:331) ~[junit-4.13.2.jar:4.13.2]
	at org.junit.runners.ParentRunner$1.schedule(ParentRunner.java:79) ~[junit-4.13.2.jar:4.13.2]
	at org.junit.runners.ParentRunner.runChildren(ParentRunner.java:329) ~[junit-4.13.2.jar:4.13.2]
	at org.junit.runners.ParentRunner.access$100(ParentRunner.java:66) ~[junit-4.13.2.jar:4.13.2]
	at org.junit.runners.ParentRunner$2.evaluate(ParentRunner.java:293) ~[junit-4.13.2.jar:4.13.2]
	at org.springframework.test.context.junit4.statements.RunBeforeTestClassCallbacks.evaluate(RunBeforeTestClassCallbacks.java:61) ~[spring-test-5.3.18.jar:5.3.18]
	at org.springframework.test.context.junit4.statements.RunAfterTestClassCallbacks.evaluate(RunAfterTestClassCallbacks.java:70) ~[spring-test-5.3.18.jar:5.3.18]
	at org.junit.runners.ParentRunner$3.evaluate(ParentRunner.java:306) ~[junit-4.13.2.jar:4.13.2]
	at org.junit.runners.ParentRunner.run(ParentRunner.java:413) ~[junit-4.13.2.jar:4.13.2]
	at org.springframework.test.context.junit4.SpringJUnit4ClassRunner.run(SpringJUnit4ClassRunner.java:190) ~[spring-test-5.3.18.jar:5.3.18]
	at org.eclipse.jdt.internal.junit4.runner.JUnit4TestReference.run(JUnit4TestReference.java:89) ~[.cp/:?]
	at org.eclipse.jdt.internal.junit.runner.TestExecution.run(TestExecution.java:41) ~[.cp/:?]
	at org.eclipse.jdt.internal.junit.runner.RemoteTestRunner.runTests(RemoteTestRunner.java:542) ~[.cp/:?]
	at org.eclipse.jdt.internal.junit.runner.RemoteTestRunner.runTests(RemoteTestRunner.java:770) ~[.cp/:?]
	at org.eclipse.jdt.internal.junit.runner.RemoteTestRunner.run(RemoteTestRunner.java:464) ~[.cp/:?]
	at org.eclipse.jdt.internal.junit.runner.RemoteTestRunner.main(RemoteTestRunner.java:210) ~[.cp/:?]
Caused by: org.springframework.beans.factory.BeanCreationException: Error creating bean with name 'userDao' defined in class path resource [applicationContext.xml]: Instantiation of bean failed; nested exception is org.springframework.beans.BeanInstantiationException: Failed to instantiate [com.pcwk.ehr.UserDao]: Is it an abstract class?; nested exception is java.lang.InstantiationException
	at org.springframework.beans.factory.support.AbstractAutowireCapableBeanFactory.instantiateBean(AbstractAutowireCapableBeanFactory.java:1334) ~[spring-beans-5.3.18.jar:5.3.18]
	at org.springframework.beans.factory.support.AbstractAutowireCapableBeanFactory.createBeanInstance(AbstractAutowireCapableBeanFactory.java:1232) ~[spring-beans-5.3.18.jar:5.3.18]
	at org.springframework.beans.factory.support.AbstractAutowireCapableBeanFactory.doCreateBean(AbstractAutowireCapableBeanFactory.java:582) ~[spring-beans-5.3.18.jar:5.3.18]
	at org.springframework.beans.factory.support.AbstractAutowireCapableBeanFactory.createBean(AbstractAutowireCapableBeanFactory.java:542) ~[spring-beans-5.3.18.jar:5.3.18]
	at org.springframework.beans.factory.support.AbstractBeanFactory.lambda$doGetBean$0(AbstractBeanFactory.java:335) ~[spring-beans-5.3.18.jar:5.3.18]
	at org.springframework.beans.factory.support.DefaultSingletonBeanRegistry.getSingleton(DefaultSingletonBeanRegistry.java:234) ~[spring-beans-5.3.18.jar:5.3.18]
	at org.springframework.beans.factory.support.AbstractBeanFactory.doGetBean(AbstractBeanFactory.java:333) ~[spring-beans-5.3.18.jar:5.3.18]
	at org.springframework.beans.factory.support.AbstractBeanFactory.getBean(AbstractBeanFactory.java:208) ~[spring-beans-5.3.18.jar:5.3.18]
	at org.springframework.beans.factory.support.DefaultListableBeanFactory.preInstantiateSingletons(DefaultListableBeanFactory.java:953) ~[spring-beans-5.3.18.jar:5.3.18]
	at org.springframework.context.support.AbstractApplicationContext.finishBeanFactoryInitialization(AbstractApplicationContext.java:918) ~[spring-context-5.3.18.jar:5.3.18]
	at org.springframework.context.support.AbstractApplicationContext.refresh(AbstractApplicationContext.java:583) ~[spring-context-5.3.18.jar:5.3.18]
	at org.springframework.test.context.support.AbstractGenericContextLoader.loadContext(AbstractGenericContextLoader.java:127) ~[spring-test-5.3.18.jar:5.3.18]
	at org.springframework.test.context.support.AbstractGenericContextLoader.loadContext(AbstractGenericContextLoader.java:60) ~[spring-test-5.3.18.jar:5.3.18]
	at org.springframework.test.context.support.AbstractDelegatingSmartContextLoader.delegateLoading(AbstractDelegatingSmartContextLoader.java:275) ~[spring-test-5.3.18.jar:5.3.18]
	at org.springframework.test.context.support.AbstractDelegatingSmartContextLoader.loadContext(AbstractDelegatingSmartContextLoader.java:243) ~[spring-test-5.3.18.jar:5.3.18]
	at org.springframework.test.context.cache.DefaultCacheAwareContextLoaderDelegate.loadContextInternal(DefaultCacheAwareContextLoaderDelegate.java:99) ~[spring-test-5.3.18.jar:5.3.18]
	at org.springframework.test.context.cache.DefaultCacheAwareContextLoaderDelegate.loadContext(DefaultCacheAwareContextLoaderDelegate.java:124) ~[spring-test-5.3.18.jar:5.3.18]
	... 26 more
Caused by: org.springframework.beans.BeanInstantiationException: Failed to instantiate [com.pcwk.ehr.UserDao]: Is it an abstract class?; nested exception is java.lang.InstantiationException
	at org.springframework.beans.BeanUtils.instantiateClass(BeanUtils.java:215) ~[spring-beans-5.3.18.jar:5.3.18]
	at org.springframework.beans.factory.support.SimpleInstantiationStrategy.instantiate(SimpleInstantiationStrategy.java:87) ~[spring-beans-5.3.18.jar:5.3.18]
	at org.springframework.beans.factory.support.AbstractAutowireCapableBeanFactory.instantiateBean(AbstractAutowireCapableBeanFactory.java:1326) ~[spring-beans-5.3.18.jar:5.3.18]
	at org.springframework.beans.factory.support.AbstractAutowireCapableBeanFactory.createBeanInstance(AbstractAutowireCapableBeanFactory.java:1232) ~[spring-beans-5.3.18.jar:5.3.18]
	at org.springframework.beans.factory.support.AbstractAutowireCapableBeanFactory.doCreateBean(AbstractAutowireCapableBeanFactory.java:582) ~[spring-beans-5.3.18.jar:5.3.18]
	at org.springframework.beans.factory.support.AbstractAutowireCapableBeanFactory.createBean(AbstractAutowireCapableBeanFactory.java:542) ~[spring-beans-5.3.18.jar:5.3.18]
	at org.springframework.beans.factory.support.AbstractBeanFactory.lambda$doGetBean$0(AbstractBeanFactory.java:335) ~[spring-beans-5.3.18.jar:5.3.18]
	at org.springframework.beans.factory.support.DefaultSingletonBeanRegistry.getSingleton(DefaultSingletonBeanRegistry.java:234) ~[spring-beans-5.3.18.jar:5.3.18]
	at org.springframework.beans.factory.support.AbstractBeanFactory.doGetBean(AbstractBeanFactory.java:333) ~[spring-beans-5.3.18.jar:5.3.18]
	at org.springframework.beans.factory.support.AbstractBeanFactory.getBean(AbstractBeanFactory.java:208) ~[spring-beans-5.3.18.jar:5.3.18]
	at org.springframework.beans.factory.support.DefaultListableBeanFactory.preInstantiateSingletons(DefaultListableBeanFactory.java:953) ~[spring-beans-5.3.18.jar:5.3.18]
	at org.springframework.context.support.AbstractApplicationContext.finishBeanFactoryInitialization(AbstractApplicationContext.java:918) ~[spring-context-5.3.18.jar:5.3.18]
	at org.springframework.context.support.AbstractApplicationContext.refresh(AbstractApplicationContext.java:583) ~[spring-context-5.3.18.jar:5.3.18]
	at org.springframework.test.context.support.AbstractGenericContextLoader.loadContext(AbstractGenericContextLoader.java:127) ~[spring-test-5.3.18.jar:5.3.18]
	at org.springframework.test.context.support.AbstractGenericContextLoader.loadContext(AbstractGenericContextLoader.java:60) ~[spring-test-5.3.18.jar:5.3.18]
	at org.springframework.test.context.support.AbstractDelegatingSmartContextLoader.delegateLoading(AbstractDelegatingSmartContextLoader.java:275) ~[spring-test-5.3.18.jar:5.3.18]
	at org.springframework.test.context.support.AbstractDelegatingSmartContextLoader.loadContext(AbstractDelegatingSmartContextLoader.java:243) ~[spring-test-5.3.18.jar:5.3.18]
	at org.springframework.test.context.cache.DefaultCacheAwareContextLoaderDelegate.loadContextInternal(DefaultCacheAwareContextLoaderDelegate.java:99) ~[spring-test-5.3.18.jar:5.3.18]
	at org.springframework.test.context.cache.DefaultCacheAwareContextLoaderDelegate.loadContext(DefaultCacheAwareContextLoaderDelegate.java:124) ~[spring-test-5.3.18.jar:5.3.18]
	... 26 more
Caused by: java.lang.InstantiationException
	at sun.reflect.InstantiationExceptionConstructorAccessorImpl.newInstance(InstantiationExceptionConstructorAccessorImpl.java:48) ~[?:1.8.0_202]
	at java.lang.reflect.Constructor.newInstance(Constructor.java:423) ~[?:1.8.0_202]
	at org.springframework.beans.BeanUtils.instantiateClass(BeanUtils.java:211) ~[spring-beans-5.3.18.jar:5.3.18]
	at org.springframework.beans.factory.support.SimpleInstantiationStrategy.instantiate(SimpleInstantiationStrategy.java:87) ~[spring-beans-5.3.18.jar:5.3.18]
	at org.springframework.beans.factory.support.AbstractAutowireCapableBeanFactory.instantiateBean(AbstractAutowireCapableBeanFactory.java:1326) ~[spring-beans-5.3.18.jar:5.3.18]
	at org.springframework.beans.factory.support.AbstractAutowireCapableBeanFactory.createBeanInstance(AbstractAutowireCapableBeanFactory.java:1232) ~[spring-beans-5.3.18.jar:5.3.18]
	at org.springframework.beans.factory.support.AbstractAutowireCapableBeanFactory.doCreateBean(AbstractAutowireCapableBeanFactory.java:582) ~[spring-beans-5.3.18.jar:5.3.18]
	at org.springframework.beans.factory.support.AbstractAutowireCapableBeanFactory.createBean(AbstractAutowireCapableBeanFactory.java:542) ~[spring-beans-5.3.18.jar:5.3.18]
	at org.springframework.beans.factory.support.AbstractBeanFactory.lambda$doGetBean$0(AbstractBeanFactory.java:335) ~[spring-beans-5.3.18.jar:5.3.18]
	at org.springframework.beans.factory.support.DefaultSingletonBeanRegistry.getSingleton(DefaultSingletonBeanRegistry.java:234) ~[spring-beans-5.3.18.jar:5.3.18]
	at org.springframework.beans.factory.support.AbstractBeanFactory.doGetBean(AbstractBeanFactory.java:333) ~[spring-beans-5.3.18.jar:5.3.18]
	at org.springframework.beans.factory.support.AbstractBeanFactory.getBean(AbstractBeanFactory.java:208) ~[spring-beans-5.3.18.jar:5.3.18]
	at org.springframework.beans.factory.support.DefaultListableBeanFactory.preInstantiateSingletons(DefaultListableBeanFactory.java:953) ~[spring-beans-5.3.18.jar:5.3.18]
	at org.springframework.context.support.AbstractApplicationContext.finishBeanFactoryInitialization(AbstractApplicationContext.java:918) ~[spring-context-5.3.18.jar:5.3.18]
	at org.springframework.context.support.AbstractApplicationContext.refresh(AbstractApplicationContext.java:583) ~[spring-context-5.3.18.jar:5.3.18]
	at org.springframework.test.context.support.AbstractGenericContextLoader.loadContext(AbstractGenericContextLoader.java:127) ~[spring-test-5.3.18.jar:5.3.18]
	at org.springframework.test.context.support.AbstractGenericContextLoader.loadContext(AbstractGenericContextLoader.java:60) ~[spring-test-5.3.18.jar:5.3.18]
	at org.springframework.test.context.support.AbstractDelegatingSmartContextLoader.delegateLoading(AbstractDelegatingSmartContextLoader.java:275) ~[spring-test-5.3.18.jar:5.3.18]
	at org.springframework.test.context.support.AbstractDelegatingSmartContextLoader.loadContext(AbstractDelegatingSmartContextLoader.java:243) ~[spring-test-5.3.18.jar:5.3.18]
	at org.springframework.test.context.cache.DefaultCacheAwareContextLoaderDelegate.loadContextInternal(DefaultCacheAwareContextLoaderDelegate.java:99) ~[spring-test-5.3.18.jar:5.3.18]
	at org.springframework.test.context.cache.DefaultCacheAwareContextLoaderDelegate.loadContext(DefaultCacheAwareContextLoaderDelegate.java:124) ~[spring-test-5.3.18.jar:5.3.18]
	... 26 more
[2022-05-31 11:46:14.515] INFO  AbstractTestContextBootstrapper.getDefaultTestExecutionListenerClassNames(AbstractTestContextBootstrapper.java:245) - Loaded default TestExecutionListener class names from location [META-INF/spring.factories]: [org.springframework.test.context.web.ServletTestExecutionListener, org.springframework.test.context.support.DirtiesContextBeforeModesTestExecutionListener, org.springframework.test.context.event.ApplicationEventsTestExecutionListener, org.springframework.test.context.support.DependencyInjectionTestExecutionListener, org.springframework.test.context.support.DirtiesContextTestExecutionListener, org.springframework.test.context.transaction.TransactionalTestExecutionListener, org.springframework.test.context.jdbc.SqlScriptsTestExecutionListener, org.springframework.test.context.event.EventPublishingTestExecutionListener]
[2022-05-31 11:46:14.524] INFO  AbstractTestContextBootstrapper.getTestExecutionListeners(AbstractTestContextBootstrapper.java:174) - Using TestExecutionListeners: [org.springframework.test.context.support.DirtiesContextBeforeModesTestExecutionListener@15de0b3c, org.springframework.test.context.event.ApplicationEventsTestExecutionListener@489115ef, org.springframework.test.context.support.DependencyInjectionTestExecutionListener@3857f613, org.springframework.test.context.support.DirtiesContextTestExecutionListener@198b6731, org.springframework.test.context.transaction.TransactionalTestExecutionListener@7c6908d7, org.springframework.test.context.jdbc.SqlScriptsTestExecutionListener@3c9754d8, org.springframework.test.context.event.EventPublishingTestExecutionListener@3bf7ca37]
[2022-05-31 11:46:14.726] WARN  AbstractApplicationContext.refresh(AbstractApplicationContext.java:591) - Exception encountered during context initialization - cancelling refresh attempt: org.springframework.beans.factory.BeanCreationException: Error creating bean with name 'userDao' defined in class path resource [applicationContext.xml]: Instantiation of bean failed; nested exception is org.springframework.beans.BeanInstantiationException: Failed to instantiate [com.pcwk.ehr.UserDao]: Is it an abstract class?; nested exception is java.lang.InstantiationException
[2022-05-31 11:46:14.728] ERROR TestContextManager.prepareTestInstance(TestContextManager.java:252) - Caught exception while allowing TestExecutionListener [org.springframework.test.context.support.DependencyInjectionTestExecutionListener@3857f613] to prepare test instance [com.pcwk.ehr.JUnitUserDaoTest@415b0b49]
java.lang.IllegalStateException: Failed to load ApplicationContext
	at org.springframework.test.context.cache.DefaultCacheAwareContextLoaderDelegate.loadContext(DefaultCacheAwareContextLoaderDelegate.java:132) ~[spring-test-5.3.18.jar:5.3.18]
	at org.springframework.test.context.support.DefaultTestContext.getApplicationContext(DefaultTestContext.java:124) ~[spring-test-5.3.18.jar:5.3.18]
	at org.springframework.test.context.support.DependencyInjectionTestExecutionListener.injectDependencies(DependencyInjectionTestExecutionListener.java:118) ~[spring-test-5.3.18.jar:5.3.18]
	at org.springframework.test.context.support.DependencyInjectionTestExecutionListener.prepareTestInstance(DependencyInjectionTestExecutionListener.java:83) ~[spring-test-5.3.18.jar:5.3.18]
	at org.springframework.test.context.TestContextManager.prepareTestInstance(TestContextManager.java:248) ~[spring-test-5.3.18.jar:5.3.18]
	at org.springframework.test.context.junit4.SpringJUnit4ClassRunner.createTest(SpringJUnit4ClassRunner.java:227) ~[spring-test-5.3.18.jar:5.3.18]
	at org.springframework.test.context.junit4.SpringJUnit4ClassRunner$1.runReflectiveCall(SpringJUnit4ClassRunner.java:289) ~[spring-test-5.3.18.jar:5.3.18]
	at org.junit.internal.runners.model.ReflectiveCallable.run(ReflectiveCallable.java:12) ~[junit-4.13.2.jar:4.13.2]
	at org.springframework.test.context.junit4.SpringJUnit4ClassRunner.methodBlock(SpringJUnit4ClassRunner.java:291) ~[spring-test-5.3.18.jar:5.3.18]
	at org.springframework.test.context.junit4.SpringJUnit4ClassRunner.runChild(SpringJUnit4ClassRunner.java:246) ~[spring-test-5.3.18.jar:5.3.18]
	at org.springframework.test.context.junit4.SpringJUnit4ClassRunner.runChild(SpringJUnit4ClassRunner.java:97) ~[spring-test-5.3.18.jar:5.3.18]
	at org.junit.runners.ParentRunner$4.run(ParentRunner.java:331) ~[junit-4.13.2.jar:4.13.2]
	at org.junit.runners.ParentRunner$1.schedule(ParentRunner.java:79) ~[junit-4.13.2.jar:4.13.2]
	at org.junit.runners.ParentRunner.runChildren(ParentRunner.java:329) ~[junit-4.13.2.jar:4.13.2]
	at org.junit.runners.ParentRunner.access$100(ParentRunner.java:66) ~[junit-4.13.2.jar:4.13.2]
	at org.junit.runners.ParentRunner$2.evaluate(ParentRunner.java:293) ~[junit-4.13.2.jar:4.13.2]
	at org.springframework.test.context.junit4.statements.RunBeforeTestClassCallbacks.evaluate(RunBeforeTestClassCallbacks.java:61) ~[spring-test-5.3.18.jar:5.3.18]
	at org.springframework.test.context.junit4.statements.RunAfterTestClassCallbacks.evaluate(RunAfterTestClassCallbacks.java:70) ~[spring-test-5.3.18.jar:5.3.18]
	at org.junit.runners.ParentRunner$3.evaluate(ParentRunner.java:306) ~[junit-4.13.2.jar:4.13.2]
	at org.junit.runners.ParentRunner.run(ParentRunner.java:413) ~[junit-4.13.2.jar:4.13.2]
	at org.springframework.test.context.junit4.SpringJUnit4ClassRunner.run(SpringJUnit4ClassRunner.java:190) ~[spring-test-5.3.18.jar:5.3.18]
	at org.eclipse.jdt.internal.junit4.runner.JUnit4TestReference.run(JUnit4TestReference.java:89) ~[.cp/:?]
	at org.eclipse.jdt.internal.junit.runner.TestExecution.run(TestExecution.java:41) ~[.cp/:?]
	at org.eclipse.jdt.internal.junit.runner.RemoteTestRunner.runTests(RemoteTestRunner.java:542) ~[.cp/:?]
	at org.eclipse.jdt.internal.junit.runner.RemoteTestRunner.runTests(RemoteTestRunner.java:770) ~[.cp/:?]
	at org.eclipse.jdt.internal.junit.runner.RemoteTestRunner.run(RemoteTestRunner.java:464) ~[.cp/:?]
	at org.eclipse.jdt.internal.junit.runner.RemoteTestRunner.main(RemoteTestRunner.java:210) ~[.cp/:?]
Caused by: org.springframework.beans.factory.BeanCreationException: Error creating bean with name 'userDao' defined in class path resource [applicationContext.xml]: Instantiation of bean failed; nested exception is org.springframework.beans.BeanInstantiationException: Failed to instantiate [com.pcwk.ehr.UserDao]: Is it an abstract class?; nested exception is java.lang.InstantiationException
	at org.springframework.beans.factory.support.AbstractAutowireCapableBeanFactory.instantiateBean(AbstractAutowireCapableBeanFactory.java:1334) ~[spring-beans-5.3.18.jar:5.3.18]
	at org.springframework.beans.factory.support.AbstractAutowireCapableBeanFactory.createBeanInstance(AbstractAutowireCapableBeanFactory.java:1232) ~[spring-beans-5.3.18.jar:5.3.18]
	at org.springframework.beans.factory.support.AbstractAutowireCapableBeanFactory.doCreateBean(AbstractAutowireCapableBeanFactory.java:582) ~[spring-beans-5.3.18.jar:5.3.18]
	at org.springframework.beans.factory.support.AbstractAutowireCapableBeanFactory.createBean(AbstractAutowireCapableBeanFactory.java:542) ~[spring-beans-5.3.18.jar:5.3.18]
	at org.springframework.beans.factory.support.AbstractBeanFactory.lambda$doGetBean$0(AbstractBeanFactory.java:335) ~[spring-beans-5.3.18.jar:5.3.18]
	at org.springframework.beans.factory.support.DefaultSingletonBeanRegistry.getSingleton(DefaultSingletonBeanRegistry.java:234) ~[spring-beans-5.3.18.jar:5.3.18]
	at org.springframework.beans.factory.support.AbstractBeanFactory.doGetBean(AbstractBeanFactory.java:333) ~[spring-beans-5.3.18.jar:5.3.18]
	at org.springframework.beans.factory.support.AbstractBeanFactory.getBean(AbstractBeanFactory.java:208) ~[spring-beans-5.3.18.jar:5.3.18]
	at org.springframework.beans.factory.support.DefaultListableBeanFactory.preInstantiateSingletons(DefaultListableBeanFactory.java:953) ~[spring-beans-5.3.18.jar:5.3.18]
	at org.springframework.context.support.AbstractApplicationContext.finishBeanFactoryInitialization(AbstractApplicationContext.java:918) ~[spring-context-5.3.18.jar:5.3.18]
	at org.springframework.context.support.AbstractApplicationContext.refresh(AbstractApplicationContext.java:583) ~[spring-context-5.3.18.jar:5.3.18]
	at org.springframework.test.context.support.AbstractGenericContextLoader.loadContext(AbstractGenericContextLoader.java:127) ~[spring-test-5.3.18.jar:5.3.18]
	at org.springframework.test.context.support.AbstractGenericContextLoader.loadContext(AbstractGenericContextLoader.java:60) ~[spring-test-5.3.18.jar:5.3.18]
	at org.springframework.test.context.support.AbstractDelegatingSmartContextLoader.delegateLoading(AbstractDelegatingSmartContextLoader.java:275) ~[spring-test-5.3.18.jar:5.3.18]
	at org.springframework.test.context.support.AbstractDelegatingSmartContextLoader.loadContext(AbstractDelegatingSmartContextLoader.java:243) ~[spring-test-5.3.18.jar:5.3.18]
	at org.springframework.test.context.cache.DefaultCacheAwareContextLoaderDelegate.loadContextInternal(DefaultCacheAwareContextLoaderDelegate.java:99) ~[spring-test-5.3.18.jar:5.3.18]
	at org.springframework.test.context.cache.DefaultCacheAwareContextLoaderDelegate.loadContext(DefaultCacheAwareContextLoaderDelegate.java:124) ~[spring-test-5.3.18.jar:5.3.18]
	... 26 more
Caused by: org.springframework.beans.BeanInstantiationException: Failed to instantiate [com.pcwk.ehr.UserDao]: Is it an abstract class?; nested exception is java.lang.InstantiationException
	at org.springframework.beans.BeanUtils.instantiateClass(BeanUtils.java:215) ~[spring-beans-5.3.18.jar:5.3.18]
	at org.springframework.beans.factory.support.SimpleInstantiationStrategy.instantiate(SimpleInstantiationStrategy.java:87) ~[spring-beans-5.3.18.jar:5.3.18]
	at org.springframework.beans.factory.support.AbstractAutowireCapableBeanFactory.instantiateBean(AbstractAutowireCapableBeanFactory.java:1326) ~[spring-beans-5.3.18.jar:5.3.18]
	at org.springframework.beans.factory.support.AbstractAutowireCapableBeanFactory.createBeanInstance(AbstractAutowireCapableBeanFactory.java:1232) ~[spring-beans-5.3.18.jar:5.3.18]
	at org.springframework.beans.factory.support.AbstractAutowireCapableBeanFactory.doCreateBean(AbstractAutowireCapableBeanFactory.java:582) ~[spring-beans-5.3.18.jar:5.3.18]
	at org.springframework.beans.factory.support.AbstractAutowireCapableBeanFactory.createBean(AbstractAutowireCapableBeanFactory.java:542) ~[spring-beans-5.3.18.jar:5.3.18]
	at org.springframework.beans.factory.support.AbstractBeanFactory.lambda$doGetBean$0(AbstractBeanFactory.java:335) ~[spring-beans-5.3.18.jar:5.3.18]
	at org.springframework.beans.factory.support.DefaultSingletonBeanRegistry.getSingleton(DefaultSingletonBeanRegistry.java:234) ~[spring-beans-5.3.18.jar:5.3.18]
	at org.springframework.beans.factory.support.AbstractBeanFactory.doGetBean(AbstractBeanFactory.java:333) ~[spring-beans-5.3.18.jar:5.3.18]
	at org.springframework.beans.factory.support.AbstractBeanFactory.getBean(AbstractBeanFactory.java:208) ~[spring-beans-5.3.18.jar:5.3.18]
	at org.springframework.beans.factory.support.DefaultListableBeanFactory.preInstantiateSingletons(DefaultListableBeanFactory.java:953) ~[spring-beans-5.3.18.jar:5.3.18]
	at org.springframework.context.support.AbstractApplicationContext.finishBeanFactoryInitialization(AbstractApplicationContext.java:918) ~[spring-context-5.3.18.jar:5.3.18]
	at org.springframework.context.support.AbstractApplicationContext.refresh(AbstractApplicationContext.java:583) ~[spring-context-5.3.18.jar:5.3.18]
	at org.springframework.test.context.support.AbstractGenericContextLoader.loadContext(AbstractGenericContextLoader.java:127) ~[spring-test-5.3.18.jar:5.3.18]
	at org.springframework.test.context.support.AbstractGenericContextLoader.loadContext(AbstractGenericContextLoader.java:60) ~[spring-test-5.3.18.jar:5.3.18]
	at org.springframework.test.context.support.AbstractDelegatingSmartContextLoader.delegateLoading(AbstractDelegatingSmartContextLoader.java:275) ~[spring-test-5.3.18.jar:5.3.18]
	at org.springframework.test.context.support.AbstractDelegatingSmartContextLoader.loadContext(AbstractDelegatingSmartContextLoader.java:243) ~[spring-test-5.3.18.jar:5.3.18]
	at org.springframework.test.context.cache.DefaultCacheAwareContextLoaderDelegate.loadContextInternal(DefaultCacheAwareContextLoaderDelegate.java:99) ~[spring-test-5.3.18.jar:5.3.18]
	at org.springframework.test.context.cache.DefaultCacheAwareContextLoaderDelegate.loadContext(DefaultCacheAwareContextLoaderDelegate.java:124) ~[spring-test-5.3.18.jar:5.3.18]
	... 26 more
Caused by: java.lang.InstantiationException
	at sun.reflect.InstantiationExceptionConstructorAccessorImpl.newInstance(InstantiationExceptionConstructorAccessorImpl.java:48) ~[?:1.8.0_202]
	at java.lang.reflect.Constructor.newInstance(Constructor.java:423) ~[?:1.8.0_202]
	at org.springframework.beans.BeanUtils.instantiateClass(BeanUtils.java:211) ~[spring-beans-5.3.18.jar:5.3.18]
	at org.springframework.beans.factory.support.SimpleInstantiationStrategy.instantiate(SimpleInstantiationStrategy.java:87) ~[spring-beans-5.3.18.jar:5.3.18]
	at org.springframework.beans.factory.support.AbstractAutowireCapableBeanFactory.instantiateBean(AbstractAutowireCapableBeanFactory.java:1326) ~[spring-beans-5.3.18.jar:5.3.18]
	at org.springframework.beans.factory.support.AbstractAutowireCapableBeanFactory.createBeanInstance(AbstractAutowireCapableBeanFactory.java:1232) ~[spring-beans-5.3.18.jar:5.3.18]
	at org.springframework.beans.factory.support.AbstractAutowireCapableBeanFactory.doCreateBean(AbstractAutowireCapableBeanFactory.java:582) ~[spring-beans-5.3.18.jar:5.3.18]
	at org.springframework.beans.factory.support.AbstractAutowireCapableBeanFactory.createBean(AbstractAutowireCapableBeanFactory.java:542) ~[spring-beans-5.3.18.jar:5.3.18]
	at org.springframework.beans.factory.support.AbstractBeanFactory.lambda$doGetBean$0(AbstractBeanFactory.java:335) ~[spring-beans-5.3.18.jar:5.3.18]
	at org.springframework.beans.factory.support.DefaultSingletonBeanRegistry.getSingleton(DefaultSingletonBeanRegistry.java:234) ~[spring-beans-5.3.18.jar:5.3.18]
	at org.springframework.beans.factory.support.AbstractBeanFactory.doGetBean(AbstractBeanFactory.java:333) ~[spring-beans-5.3.18.jar:5.3.18]
	at org.springframework.beans.factory.support.AbstractBeanFactory.getBean(AbstractBeanFactory.java:208) ~[spring-beans-5.3.18.jar:5.3.18]
	at org.springframework.beans.factory.support.DefaultListableBeanFactory.preInstantiateSingletons(DefaultListableBeanFactory.java:953) ~[spring-beans-5.3.18.jar:5.3.18]
	at org.springframework.context.support.AbstractApplicationContext.finishBeanFactoryInitialization(AbstractApplicationContext.java:918) ~[spring-context-5.3.18.jar:5.3.18]
	at org.springframework.context.support.AbstractApplicationContext.refresh(AbstractApplicationContext.java:583) ~[spring-context-5.3.18.jar:5.3.18]
	at org.springframework.test.context.support.AbstractGenericContextLoader.loadContext(AbstractGenericContextLoader.java:127) ~[spring-test-5.3.18.jar:5.3.18]
	at org.springframework.test.context.support.AbstractGenericContextLoader.loadContext(AbstractGenericContextLoader.java:60) ~[spring-test-5.3.18.jar:5.3.18]
	at org.springframework.test.context.support.AbstractDelegatingSmartContextLoader.delegateLoading(AbstractDelegatingSmartContextLoader.java:275) ~[spring-test-5.3.18.jar:5.3.18]
	at org.springframework.test.context.support.AbstractDelegatingSmartContextLoader.loadContext(AbstractDelegatingSmartContextLoader.java:243) ~[spring-test-5.3.18.jar:5.3.18]
	at org.springframework.test.context.cache.DefaultCacheAwareContextLoaderDelegate.loadContextInternal(DefaultCacheAwareContextLoaderDelegate.java:99) ~[spring-test-5.3.18.jar:5.3.18]
	at org.springframework.test.context.cache.DefaultCacheAwareContextLoaderDelegate.loadContext(DefaultCacheAwareContextLoaderDelegate.java:124) ~[spring-test-5.3.18.jar:5.3.18]
	... 26 more
[2022-05-31 11:46:14.753] WARN  AbstractApplicationContext.refresh(AbstractApplicationContext.java:591) - Exception encountered during context initialization - cancelling refresh attempt: org.springframework.beans.factory.BeanCreationException: Error creating bean with name 'userDao' defined in class path resource [applicationContext.xml]: Instantiation of bean failed; nested exception is org.springframework.beans.BeanInstantiationException: Failed to instantiate [com.pcwk.ehr.UserDao]: Is it an abstract class?; nested exception is java.lang.InstantiationException
[2022-05-31 11:46:14.753] ERROR TestContextManager.prepareTestInstance(TestContextManager.java:252) - Caught exception while allowing TestExecutionListener [org.springframework.test.context.support.DependencyInjectionTestExecutionListener@3857f613] to prepare test instance [com.pcwk.ehr.JUnitUserDaoTest@68878f6d]
java.lang.IllegalStateException: Failed to load ApplicationContext
	at org.springframework.test.context.cache.DefaultCacheAwareContextLoaderDelegate.loadContext(DefaultCacheAwareContextLoaderDelegate.java:132) ~[spring-test-5.3.18.jar:5.3.18]
	at org.springframework.test.context.support.DefaultTestContext.getApplicationContext(DefaultTestContext.java:124) ~[spring-test-5.3.18.jar:5.3.18]
	at org.springframework.test.context.support.DependencyInjectionTestExecutionListener.injectDependencies(DependencyInjectionTestExecutionListener.java:118) ~[spring-test-5.3.18.jar:5.3.18]
	at org.springframework.test.context.support.DependencyInjectionTestExecutionListener.prepareTestInstance(DependencyInjectionTestExecutionListener.java:83) ~[spring-test-5.3.18.jar:5.3.18]
	at org.springframework.test.context.TestContextManager.prepareTestInstance(TestContextManager.java:248) ~[spring-test-5.3.18.jar:5.3.18]
	at org.springframework.test.context.junit4.SpringJUnit4ClassRunner.createTest(SpringJUnit4ClassRunner.java:227) ~[spring-test-5.3.18.jar:5.3.18]
	at org.springframework.test.context.junit4.SpringJUnit4ClassRunner$1.runReflectiveCall(SpringJUnit4ClassRunner.java:289) ~[spring-test-5.3.18.jar:5.3.18]
	at org.junit.internal.runners.model.ReflectiveCallable.run(ReflectiveCallable.java:12) ~[junit-4.13.2.jar:4.13.2]
	at org.springframework.test.context.junit4.SpringJUnit4ClassRunner.methodBlock(SpringJUnit4ClassRunner.java:291) ~[spring-test-5.3.18.jar:5.3.18]
	at org.springframework.test.context.junit4.SpringJUnit4ClassRunner.runChild(SpringJUnit4ClassRunner.java:246) ~[spring-test-5.3.18.jar:5.3.18]
	at org.springframework.test.context.junit4.SpringJUnit4ClassRunner.runChild(SpringJUnit4ClassRunner.java:97) ~[spring-test-5.3.18.jar:5.3.18]
	at org.junit.runners.ParentRunner$4.run(ParentRunner.java:331) ~[junit-4.13.2.jar:4.13.2]
	at org.junit.runners.ParentRunner$1.schedule(ParentRunner.java:79) ~[junit-4.13.2.jar:4.13.2]
	at org.junit.runners.ParentRunner.runChildren(ParentRunner.java:329) ~[junit-4.13.2.jar:4.13.2]
	at org.junit.runners.ParentRunner.access$100(ParentRunner.java:66) ~[junit-4.13.2.jar:4.13.2]
	at org.junit.runners.ParentRunner$2.evaluate(ParentRunner.java:293) ~[junit-4.13.2.jar:4.13.2]
	at org.springframework.test.context.junit4.statements.RunBeforeTestClassCallbacks.evaluate(RunBeforeTestClassCallbacks.java:61) ~[spring-test-5.3.18.jar:5.3.18]
	at org.springframework.test.context.junit4.statements.RunAfterTestClassCallbacks.evaluate(RunAfterTestClassCallbacks.java:70) ~[spring-test-5.3.18.jar:5.3.18]
	at org.junit.runners.ParentRunner$3.evaluate(ParentRunner.java:306) ~[junit-4.13.2.jar:4.13.2]
	at org.junit.runners.ParentRunner.run(ParentRunner.java:413) ~[junit-4.13.2.jar:4.13.2]
	at org.springframework.test.context.junit4.SpringJUnit4ClassRunner.run(SpringJUnit4ClassRunner.java:190) ~[spring-test-5.3.18.jar:5.3.18]
	at org.eclipse.jdt.internal.junit4.runner.JUnit4TestReference.run(JUnit4TestReference.java:89) ~[.cp/:?]
	at org.eclipse.jdt.internal.junit.runner.TestExecution.run(TestExecution.java:41) ~[.cp/:?]
	at org.eclipse.jdt.internal.junit.runner.RemoteTestRunner.runTests(RemoteTestRunner.java:542) ~[.cp/:?]
	at org.eclipse.jdt.internal.junit.runner.RemoteTestRunner.runTests(RemoteTestRunner.java:770) ~[.cp/:?]
	at org.eclipse.jdt.internal.junit.runner.RemoteTestRunner.run(RemoteTestRunner.java:464) ~[.cp/:?]
	at org.eclipse.jdt.internal.junit.runner.RemoteTestRunner.main(RemoteTestRunner.java:210) ~[.cp/:?]
Caused by: org.springframework.beans.factory.BeanCreationException: Error creating bean with name 'userDao' defined in class path resource [applicationContext.xml]: Instantiation of bean failed; nested exception is org.springframework.beans.BeanInstantiationException: Failed to instantiate [com.pcwk.ehr.UserDao]: Is it an abstract class?; nested exception is java.lang.InstantiationException
	at org.springframework.beans.factory.support.AbstractAutowireCapableBeanFactory.instantiateBean(AbstractAutowireCapableBeanFactory.java:1334) ~[spring-beans-5.3.18.jar:5.3.18]
	at org.springframework.beans.factory.support.AbstractAutowireCapableBeanFactory.createBeanInstance(AbstractAutowireCapableBeanFactory.java:1232) ~[spring-beans-5.3.18.jar:5.3.18]
	at org.springframework.beans.factory.support.AbstractAutowireCapableBeanFactory.doCreateBean(AbstractAutowireCapableBeanFactory.java:582) ~[spring-beans-5.3.18.jar:5.3.18]
	at org.springframework.beans.factory.support.AbstractAutowireCapableBeanFactory.createBean(AbstractAutowireCapableBeanFactory.java:542) ~[spring-beans-5.3.18.jar:5.3.18]
	at org.springframework.beans.factory.support.AbstractBeanFactory.lambda$doGetBean$0(AbstractBeanFactory.java:335) ~[spring-beans-5.3.18.jar:5.3.18]
	at org.springframework.beans.factory.support.DefaultSingletonBeanRegistry.getSingleton(DefaultSingletonBeanRegistry.java:234) ~[spring-beans-5.3.18.jar:5.3.18]
	at org.springframework.beans.factory.support.AbstractBeanFactory.doGetBean(AbstractBeanFactory.java:333) ~[spring-beans-5.3.18.jar:5.3.18]
	at org.springframework.beans.factory.support.AbstractBeanFactory.getBean(AbstractBeanFactory.java:208) ~[spring-beans-5.3.18.jar:5.3.18]
	at org.springframework.beans.factory.support.DefaultListableBeanFactory.preInstantiateSingletons(DefaultListableBeanFactory.java:953) ~[spring-beans-5.3.18.jar:5.3.18]
	at org.springframework.context.support.AbstractApplicationContext.finishBeanFactoryInitialization(AbstractApplicationContext.java:918) ~[spring-context-5.3.18.jar:5.3.18]
	at org.springframework.context.support.AbstractApplicationContext.refresh(AbstractApplicationContext.java:583) ~[spring-context-5.3.18.jar:5.3.18]
	at org.springframework.test.context.support.AbstractGenericContextLoader.loadContext(AbstractGenericContextLoader.java:127) ~[spring-test-5.3.18.jar:5.3.18]
	at org.springframework.test.context.support.AbstractGenericContextLoader.loadContext(AbstractGenericContextLoader.java:60) ~[spring-test-5.3.18.jar:5.3.18]
	at org.springframework.test.context.support.AbstractDelegatingSmartContextLoader.delegateLoading(AbstractDelegatingSmartContextLoader.java:275) ~[spring-test-5.3.18.jar:5.3.18]
	at org.springframework.test.context.support.AbstractDelegatingSmartContextLoader.loadContext(AbstractDelegatingSmartContextLoader.java:243) ~[spring-test-5.3.18.jar:5.3.18]
	at org.springframework.test.context.cache.DefaultCacheAwareContextLoaderDelegate.loadContextInternal(DefaultCacheAwareContextLoaderDelegate.java:99) ~[spring-test-5.3.18.jar:5.3.18]
	at org.springframework.test.context.cache.DefaultCacheAwareContextLoaderDelegate.loadContext(DefaultCacheAwareContextLoaderDelegate.java:124) ~[spring-test-5.3.18.jar:5.3.18]
	... 26 more
Caused by: org.springframework.beans.BeanInstantiationException: Failed to instantiate [com.pcwk.ehr.UserDao]: Is it an abstract class?; nested exception is java.lang.InstantiationException
	at org.springframework.beans.BeanUtils.instantiateClass(BeanUtils.java:215) ~[spring-beans-5.3.18.jar:5.3.18]
	at org.springframework.beans.factory.support.SimpleInstantiationStrategy.instantiate(SimpleInstantiationStrategy.java:87) ~[spring-beans-5.3.18.jar:5.3.18]
	at org.springframework.beans.factory.support.AbstractAutowireCapableBeanFactory.instantiateBean(AbstractAutowireCapableBeanFactory.java:1326) ~[spring-beans-5.3.18.jar:5.3.18]
	at org.springframework.beans.factory.support.AbstractAutowireCapableBeanFactory.createBeanInstance(AbstractAutowireCapableBeanFactory.java:1232) ~[spring-beans-5.3.18.jar:5.3.18]
	at org.springframework.beans.factory.support.AbstractAutowireCapableBeanFactory.doCreateBean(AbstractAutowireCapableBeanFactory.java:582) ~[spring-beans-5.3.18.jar:5.3.18]
	at org.springframework.beans.factory.support.AbstractAutowireCapableBeanFactory.createBean(AbstractAutowireCapableBeanFactory.java:542) ~[spring-beans-5.3.18.jar:5.3.18]
	at org.springframework.beans.factory.support.AbstractBeanFactory.lambda$doGetBean$0(AbstractBeanFactory.java:335) ~[spring-beans-5.3.18.jar:5.3.18]
	at org.springframework.beans.factory.support.DefaultSingletonBeanRegistry.getSingleton(DefaultSingletonBeanRegistry.java:234) ~[spring-beans-5.3.18.jar:5.3.18]
	at org.springframework.beans.factory.support.AbstractBeanFactory.doGetBean(AbstractBeanFactory.java:333) ~[spring-beans-5.3.18.jar:5.3.18]
	at org.springframework.beans.factory.support.AbstractBeanFactory.getBean(AbstractBeanFactory.java:208) ~[spring-beans-5.3.18.jar:5.3.18]
	at org.springframework.beans.factory.support.DefaultListableBeanFactory.preInstantiateSingletons(DefaultListableBeanFactory.java:953) ~[spring-beans-5.3.18.jar:5.3.18]
	at org.springframework.context.support.AbstractApplicationContext.finishBeanFactoryInitialization(AbstractApplicationContext.java:918) ~[spring-context-5.3.18.jar:5.3.18]
	at org.springframework.context.support.AbstractApplicationContext.refresh(AbstractApplicationContext.java:583) ~[spring-context-5.3.18.jar:5.3.18]
	at org.springframework.test.context.support.AbstractGenericContextLoader.loadContext(AbstractGenericContextLoader.java:127) ~[spring-test-5.3.18.jar:5.3.18]
	at org.springframework.test.context.support.AbstractGenericContextLoader.loadContext(AbstractGenericContextLoader.java:60) ~[spring-test-5.3.18.jar:5.3.18]
	at org.springframework.test.context.support.AbstractDelegatingSmartContextLoader.delegateLoading(AbstractDelegatingSmartContextLoader.java:275) ~[spring-test-5.3.18.jar:5.3.18]
	at org.springframework.test.context.support.AbstractDelegatingSmartContextLoader.loadContext(AbstractDelegatingSmartContextLoader.java:243) ~[spring-test-5.3.18.jar:5.3.18]
	at org.springframework.test.context.cache.DefaultCacheAwareContextLoaderDelegate.loadContextInternal(DefaultCacheAwareContextLoaderDelegate.java:99) ~[spring-test-5.3.18.jar:5.3.18]
	at org.springframework.test.context.cache.DefaultCacheAwareContextLoaderDelegate.loadContext(DefaultCacheAwareContextLoaderDelegate.java:124) ~[spring-test-5.3.18.jar:5.3.18]
	... 26 more
Caused by: java.lang.InstantiationException
	at sun.reflect.InstantiationExceptionConstructorAccessorImpl.newInstance(InstantiationExceptionConstructorAccessorImpl.java:48) ~[?:1.8.0_202]
	at java.lang.reflect.Constructor.newInstance(Constructor.java:423) ~[?:1.8.0_202]
	at org.springframework.beans.BeanUtils.instantiateClass(BeanUtils.java:211) ~[spring-beans-5.3.18.jar:5.3.18]
	at org.springframework.beans.factory.support.SimpleInstantiationStrategy.instantiate(SimpleInstantiationStrategy.java:87) ~[spring-beans-5.3.18.jar:5.3.18]
	at org.springframework.beans.factory.support.AbstractAutowireCapableBeanFactory.instantiateBean(AbstractAutowireCapableBeanFactory.java:1326) ~[spring-beans-5.3.18.jar:5.3.18]
	at org.springframework.beans.factory.support.AbstractAutowireCapableBeanFactory.createBeanInstance(AbstractAutowireCapableBeanFactory.java:1232) ~[spring-beans-5.3.18.jar:5.3.18]
	at org.springframework.beans.factory.support.AbstractAutowireCapableBeanFactory.doCreateBean(AbstractAutowireCapableBeanFactory.java:582) ~[spring-beans-5.3.18.jar:5.3.18]
	at org.springframework.beans.factory.support.AbstractAutowireCapableBeanFactory.createBean(AbstractAutowireCapableBeanFactory.java:542) ~[spring-beans-5.3.18.jar:5.3.18]
	at org.springframework.beans.factory.support.AbstractBeanFactory.lambda$doGetBean$0(AbstractBeanFactory.java:335) ~[spring-beans-5.3.18.jar:5.3.18]
	at org.springframework.beans.factory.support.DefaultSingletonBeanRegistry.getSingleton(DefaultSingletonBeanRegistry.java:234) ~[spring-beans-5.3.18.jar:5.3.18]
	at org.springframework.beans.factory.support.AbstractBeanFactory.doGetBean(AbstractBeanFactory.java:333) ~[spring-beans-5.3.18.jar:5.3.18]
	at org.springframework.beans.factory.support.AbstractBeanFactory.getBean(AbstractBeanFactory.java:208) ~[spring-beans-5.3.18.jar:5.3.18]
	at org.springframework.beans.factory.support.DefaultListableBeanFactory.preInstantiateSingletons(DefaultListableBeanFactory.java:953) ~[spring-beans-5.3.18.jar:5.3.18]
	at org.springframework.context.support.AbstractApplicationContext.finishBeanFactoryInitialization(AbstractApplicationContext.java:918) ~[spring-context-5.3.18.jar:5.3.18]
	at org.springframework.context.support.AbstractApplicationContext.refresh(AbstractApplicationContext.java:583) ~[spring-context-5.3.18.jar:5.3.18]
	at org.springframework.test.context.support.AbstractGenericContextLoader.loadContext(AbstractGenericContextLoader.java:127) ~[spring-test-5.3.18.jar:5.3.18]
	at org.springframework.test.context.support.AbstractGenericContextLoader.loadContext(AbstractGenericContextLoader.java:60) ~[spring-test-5.3.18.jar:5.3.18]
	at org.springframework.test.context.support.AbstractDelegatingSmartContextLoader.delegateLoading(AbstractDelegatingSmartContextLoader.java:275) ~[spring-test-5.3.18.jar:5.3.18]
	at org.springframework.test.context.support.AbstractDelegatingSmartContextLoader.loadContext(AbstractDelegatingSmartContextLoader.java:243) ~[spring-test-5.3.18.jar:5.3.18]
	at org.springframework.test.context.cache.DefaultCacheAwareContextLoaderDelegate.loadContextInternal(DefaultCacheAwareContextLoaderDelegate.java:99) ~[spring-test-5.3.18.jar:5.3.18]
	at org.springframework.test.context.cache.DefaultCacheAwareContextLoaderDelegate.loadContext(DefaultCacheAwareContextLoaderDelegate.java:124) ~[spring-test-5.3.18.jar:5.3.18]
	... 26 more
[2022-05-31 11:46:36.872] INFO  AbstractTestContextBootstrapper.getDefaultTestExecutionListenerClassNames(AbstractTestContextBootstrapper.java:245) - Loaded default TestExecutionListener class names from location [META-INF/spring.factories]: [org.springframework.test.context.web.ServletTestExecutionListener, org.springframework.test.context.support.DirtiesContextBeforeModesTestExecutionListener, org.springframework.test.context.event.ApplicationEventsTestExecutionListener, org.springframework.test.context.support.DependencyInjectionTestExecutionListener, org.springframework.test.context.support.DirtiesContextTestExecutionListener, org.springframework.test.context.transaction.TransactionalTestExecutionListener, org.springframework.test.context.jdbc.SqlScriptsTestExecutionListener, org.springframework.test.context.event.EventPublishingTestExecutionListener]
[2022-05-31 11:46:36.882] INFO  AbstractTestContextBootstrapper.getTestExecutionListeners(AbstractTestContextBootstrapper.java:174) - Using TestExecutionListeners: [org.springframework.test.context.support.DirtiesContextBeforeModesTestExecutionListener@15de0b3c, org.springframework.test.context.event.ApplicationEventsTestExecutionListener@489115ef, org.springframework.test.context.support.DependencyInjectionTestExecutionListener@3857f613, org.springframework.test.context.support.DirtiesContextTestExecutionListener@198b6731, org.springframework.test.context.transaction.TransactionalTestExecutionListener@7c6908d7, org.springframework.test.context.jdbc.SqlScriptsTestExecutionListener@3c9754d8, org.springframework.test.context.event.EventPublishingTestExecutionListener@3bf7ca37]
[2022-05-31 11:46:37.092] DEBUG JUnitUserDaoTest.setUp(JUnitUserDaoTest.java:90) - ========================
[2022-05-31 11:46:37.092] DEBUG JUnitUserDaoTest.setUp(JUnitUserDaoTest.java:91) - =0.setUp()=
[2022-05-31 11:46:37.092] DEBUG JUnitUserDaoTest.setUp(JUnitUserDaoTest.java:92) - ========================
[2022-05-31 11:46:37.095] DEBUG JUnitUserDaoTest.setUp(JUnitUserDaoTest.java:97) - context : org.springframework.context.support.GenericApplicationContext@4c309d4d, started on Tue May 31 11:46:36 KST 2022
[2022-05-31 11:46:37.095] DEBUG JUnitUserDaoTest.setUp(JUnitUserDaoTest.java:98) - dao : com.pcwk.ehr.UserDao@64ec96c6
[2022-05-31 11:46:37.095] DEBUG JUnitUserDaoTest.addAndGet(JUnitUserDaoTest.java:35) - ========================
[2022-05-31 11:46:37.095] DEBUG JUnitUserDaoTest.addAndGet(JUnitUserDaoTest.java:36) - =1.addAndGet()=
[2022-05-31 11:46:37.095] DEBUG JUnitUserDaoTest.addAndGet(JUnitUserDaoTest.java:37) - ========================
[2022-05-31 11:46:37.550] DEBUG UserDaoDeleteAllStatement.makeStatement(UserDaoDeleteAllStatement.java:17) - ============================
[2022-05-31 11:46:37.550] DEBUG UserDaoDeleteAllStatement.makeStatement(UserDaoDeleteAllStatement.java:18) - sql:
DELETE FROM hr_member 

[2022-05-31 11:46:37.550] DEBUG UserDaoDeleteAllStatement.makeStatement(UserDaoDeleteAllStatement.java:19) - ============================
[2022-05-31 11:46:37.613] DEBUG UserDao.deleteAll(UserDao.java:90) - flag:0
[2022-05-31 11:46:37.655] DEBUG UserDao.getCount(UserDao.java:40) - ============================
[2022-05-31 11:46:37.655] DEBUG UserDao.getCount(UserDao.java:41) - param:UserVO [uId=p03, name=김동호03, passwd=1130]
[2022-05-31 11:46:37.655] DEBUG UserDao.getCount(UserDao.java:42) - sql:
SELECT COUNT(*) AS cnt   
FROM hr_member           
WHERE u_id LIKE ? || '%' 

[2022-05-31 11:46:37.655] DEBUG UserDao.getCount(UserDao.java:43) - ============================
[2022-05-31 11:46:37.688] DEBUG UserDao.getCount(UserDao.java:54) - ============================
[2022-05-31 11:46:37.688] DEBUG UserDao.getCount(UserDao.java:55) - count=0
[2022-05-31 11:46:37.688] DEBUG UserDao.getCount(UserDao.java:56) - ============================
[2022-05-31 11:46:37.740] DEBUG UserDao.add(UserDao.java:210) - ============================
[2022-05-31 11:46:37.740] DEBUG UserDao.add(UserDao.java:211) - param:UserVO [uId=p03, name=김동호03, passwd=1130]
[2022-05-31 11:46:37.740] DEBUG UserDao.add(UserDao.java:212) - sql:
 INSERT INTO hr_member (    
 	    u_id,              
 	    name,              
 	    passwd             
 ) VALUES (                 
 	?,                     
 	?,                     
 	?                      
 )                          

[2022-05-31 11:46:37.740] DEBUG UserDao.add(UserDao.java:213) - ============================
[2022-05-31 11:46:37.742] DEBUG UserDao.add(UserDao.java:223) - flag:1
[2022-05-31 11:46:37.790] DEBUG UserDao.getCount(UserDao.java:40) - ============================
[2022-05-31 11:46:37.790] DEBUG UserDao.getCount(UserDao.java:41) - param:UserVO [uId=p03, name=김동호03, passwd=1130]
[2022-05-31 11:46:37.791] DEBUG UserDao.getCount(UserDao.java:42) - sql:
SELECT COUNT(*) AS cnt   
FROM hr_member           
WHERE u_id LIKE ? || '%' 

[2022-05-31 11:46:37.791] DEBUG UserDao.getCount(UserDao.java:43) - ============================
[2022-05-31 11:46:37.792] DEBUG UserDao.getCount(UserDao.java:54) - ============================
[2022-05-31 11:46:37.793] DEBUG UserDao.getCount(UserDao.java:55) - count=1
[2022-05-31 11:46:37.793] DEBUG UserDao.getCount(UserDao.java:56) - ============================
[2022-05-31 11:46:37.835] DEBUG UserDao.add(UserDao.java:210) - ============================
[2022-05-31 11:46:37.835] DEBUG UserDao.add(UserDao.java:211) - param:UserVO [uId=p030, name=김동호030, passwd=1130]
[2022-05-31 11:46:37.835] DEBUG UserDao.add(UserDao.java:212) - sql:
 INSERT INTO hr_member (    
 	    u_id,              
 	    name,              
 	    passwd             
 ) VALUES (                 
 	?,                     
 	?,                     
 	?                      
 )                          

[2022-05-31 11:46:37.835] DEBUG UserDao.add(UserDao.java:213) - ============================
[2022-05-31 11:46:37.836] DEBUG UserDao.add(UserDao.java:223) - flag:1
[2022-05-31 11:46:37.883] DEBUG UserDao.getCount(UserDao.java:40) - ============================
[2022-05-31 11:46:37.883] DEBUG UserDao.getCount(UserDao.java:41) - param:UserVO [uId=p03, name=김동호03, passwd=1130]
[2022-05-31 11:46:37.884] DEBUG UserDao.getCount(UserDao.java:42) - sql:
SELECT COUNT(*) AS cnt   
FROM hr_member           
WHERE u_id LIKE ? || '%' 

[2022-05-31 11:46:37.884] DEBUG UserDao.getCount(UserDao.java:43) - ============================
[2022-05-31 11:46:37.885] DEBUG UserDao.getCount(UserDao.java:54) - ============================
[2022-05-31 11:46:37.885] DEBUG UserDao.getCount(UserDao.java:55) - count=2
[2022-05-31 11:46:37.885] DEBUG UserDao.getCount(UserDao.java:56) - ============================
[2022-05-31 11:46:37.925] DEBUG UserDao.get(UserDao.java:140) - ============================
[2022-05-31 11:46:37.925] DEBUG UserDao.get(UserDao.java:141) - param:UserVO [uId=p03, name=김동호03, passwd=1130]
[2022-05-31 11:46:37.926] DEBUG UserDao.get(UserDao.java:142) - sql:
SELECT u_id,     
       name,     
       passwd    
FROM   hr_member 
WHERE  u_id = ?  

[2022-05-31 11:46:37.926] DEBUG UserDao.get(UserDao.java:143) - ============================
[2022-05-31 11:46:37.933] DEBUG UserDao.get(UserDao.java:163) - ============================
[2022-05-31 11:46:37.933] DEBUG UserDao.get(UserDao.java:164) - outVO=UserVO [uId=p03, name=김동호03, passwd=1130]
[2022-05-31 11:46:37.933] DEBUG UserDao.get(UserDao.java:165) - ============================
[2022-05-31 11:46:37.982] DEBUG UserDao.get(UserDao.java:140) - ============================
[2022-05-31 11:46:37.982] DEBUG UserDao.get(UserDao.java:141) - param:UserVO [uId=p030, name=김동호030, passwd=1130]
[2022-05-31 11:46:37.982] DEBUG UserDao.get(UserDao.java:142) - sql:
SELECT u_id,     
       name,     
       passwd    
FROM   hr_member 
WHERE  u_id = ?  

[2022-05-31 11:46:37.982] DEBUG UserDao.get(UserDao.java:143) - ============================
[2022-05-31 11:46:37.984] DEBUG UserDao.get(UserDao.java:163) - ============================
[2022-05-31 11:46:37.984] DEBUG UserDao.get(UserDao.java:164) - outVO=UserVO [uId=p030, name=김동호030, passwd=1130]
[2022-05-31 11:46:37.984] DEBUG UserDao.get(UserDao.java:165) - ============================
[2022-05-31 11:46:37.986] DEBUG JUnitUserDaoTest.tearDown(JUnitUserDaoTest.java:106) - ========================
[2022-05-31 11:46:37.986] DEBUG JUnitUserDaoTest.tearDown(JUnitUserDaoTest.java:107) - =9.tearDown()=
[2022-05-31 11:46:37.986] DEBUG JUnitUserDaoTest.tearDown(JUnitUserDaoTest.java:108) - ========================
[2022-05-31 11:46:37.988] DEBUG JUnitUserDaoTest.setUp(JUnitUserDaoTest.java:90) - ========================
[2022-05-31 11:46:37.988] DEBUG JUnitUserDaoTest.setUp(JUnitUserDaoTest.java:91) - =0.setUp()=
[2022-05-31 11:46:37.989] DEBUG JUnitUserDaoTest.setUp(JUnitUserDaoTest.java:92) - ========================
[2022-05-31 11:46:37.989] DEBUG JUnitUserDaoTest.setUp(JUnitUserDaoTest.java:97) - context : org.springframework.context.support.GenericApplicationContext@4c309d4d, started on Tue May 31 11:46:36 KST 2022
[2022-05-31 11:46:37.989] DEBUG JUnitUserDaoTest.setUp(JUnitUserDaoTest.java:98) - dao : com.pcwk.ehr.UserDao@64ec96c6
[2022-05-31 11:46:37.989] DEBUG JUnitUserDaoTest.getFailure(JUnitUserDaoTest.java:79) - ========================
[2022-05-31 11:46:37.989] DEBUG JUnitUserDaoTest.getFailure(JUnitUserDaoTest.java:80) - =2.getFailure()=
[2022-05-31 11:46:37.989] DEBUG JUnitUserDaoTest.getFailure(JUnitUserDaoTest.java:81) - ========================
[2022-05-31 11:46:38.036] DEBUG UserDaoDeleteAllStatement.makeStatement(UserDaoDeleteAllStatement.java:17) - ============================
[2022-05-31 11:46:38.036] DEBUG UserDaoDeleteAllStatement.makeStatement(UserDaoDeleteAllStatement.java:18) - sql:
DELETE FROM hr_member 

[2022-05-31 11:46:38.036] DEBUG UserDaoDeleteAllStatement.makeStatement(UserDaoDeleteAllStatement.java:19) - ============================
[2022-05-31 11:46:38.038] DEBUG UserDao.deleteAll(UserDao.java:90) - flag:2
[2022-05-31 11:46:38.081] DEBUG UserDao.get(UserDao.java:140) - ============================
[2022-05-31 11:46:38.082] DEBUG UserDao.get(UserDao.java:141) - param:UserVO [uId=p03, name=김동호03, passwd=1130]
[2022-05-31 11:46:38.082] DEBUG UserDao.get(UserDao.java:142) - sql:
SELECT u_id,     
       name,     
       passwd    
FROM   hr_member 
WHERE  u_id = ?  

[2022-05-31 11:46:38.082] DEBUG UserDao.get(UserDao.java:143) - ============================
[2022-05-31 11:46:38.083] DEBUG JUnitUserDaoTest.tearDown(JUnitUserDaoTest.java:106) - ========================
[2022-05-31 11:46:38.083] DEBUG JUnitUserDaoTest.tearDown(JUnitUserDaoTest.java:107) - =9.tearDown()=
[2022-05-31 11:46:38.083] DEBUG JUnitUserDaoTest.tearDown(JUnitUserDaoTest.java:108) - ========================
[2022-05-31 12:05:52.276] INFO  AbstractTestContextBootstrapper.getDefaultTestExecutionListenerClassNames(AbstractTestContextBootstrapper.java:245) - Loaded default TestExecutionListener class names from location [META-INF/spring.factories]: [org.springframework.test.context.web.ServletTestExecutionListener, org.springframework.test.context.support.DirtiesContextBeforeModesTestExecutionListener, org.springframework.test.context.event.ApplicationEventsTestExecutionListener, org.springframework.test.context.support.DependencyInjectionTestExecutionListener, org.springframework.test.context.support.DirtiesContextTestExecutionListener, org.springframework.test.context.transaction.TransactionalTestExecutionListener, org.springframework.test.context.jdbc.SqlScriptsTestExecutionListener, org.springframework.test.context.event.EventPublishingTestExecutionListener]
[2022-05-31 12:05:52.285] INFO  AbstractTestContextBootstrapper.getTestExecutionListeners(AbstractTestContextBootstrapper.java:174) - Using TestExecutionListeners: [org.springframework.test.context.support.DirtiesContextBeforeModesTestExecutionListener@15de0b3c, org.springframework.test.context.event.ApplicationEventsTestExecutionListener@489115ef, org.springframework.test.context.support.DependencyInjectionTestExecutionListener@3857f613, org.springframework.test.context.support.DirtiesContextTestExecutionListener@198b6731, org.springframework.test.context.transaction.TransactionalTestExecutionListener@7c6908d7, org.springframework.test.context.jdbc.SqlScriptsTestExecutionListener@3c9754d8, org.springframework.test.context.event.EventPublishingTestExecutionListener@3bf7ca37]
[2022-05-31 12:05:52.546] DEBUG JUnitUserDaoTest.setUp(JUnitUserDaoTest.java:90) - ========================
[2022-05-31 12:05:52.546] DEBUG JUnitUserDaoTest.setUp(JUnitUserDaoTest.java:91) - =0.setUp()=
[2022-05-31 12:05:52.546] DEBUG JUnitUserDaoTest.setUp(JUnitUserDaoTest.java:92) - ========================
[2022-05-31 12:05:52.548] DEBUG JUnitUserDaoTest.setUp(JUnitUserDaoTest.java:97) - context : org.springframework.context.support.GenericApplicationContext@4c309d4d, started on Tue May 31 12:05:52 KST 2022
[2022-05-31 12:05:52.548] DEBUG JUnitUserDaoTest.setUp(JUnitUserDaoTest.java:98) - dao : com.pcwk.ehr.UserDao@64ec96c6
[2022-05-31 12:05:52.549] DEBUG JUnitUserDaoTest.addAndGet(JUnitUserDaoTest.java:35) - ========================
[2022-05-31 12:05:52.550] DEBUG JUnitUserDaoTest.addAndGet(JUnitUserDaoTest.java:36) - =1.addAndGet()=
[2022-05-31 12:05:52.550] DEBUG JUnitUserDaoTest.addAndGet(JUnitUserDaoTest.java:37) - ========================
[2022-05-31 12:05:53.025] DEBUG UserDaoDeleteAllStatement.makeStatement(UserDaoDeleteAllStatement.java:17) - ============================
[2022-05-31 12:05:53.025] DEBUG UserDaoDeleteAllStatement.makeStatement(UserDaoDeleteAllStatement.java:18) - sql:
DELETE FROM hr_member 

[2022-05-31 12:05:53.025] DEBUG UserDaoDeleteAllStatement.makeStatement(UserDaoDeleteAllStatement.java:19) - ============================
[2022-05-31 12:05:53.146] DEBUG UserDao.getCount(UserDao.java:40) - ============================
[2022-05-31 12:05:53.146] DEBUG UserDao.getCount(UserDao.java:41) - param:UserVO [uId=p03, name=김동호03, passwd=1130]
[2022-05-31 12:05:53.146] DEBUG UserDao.getCount(UserDao.java:42) - sql:
SELECT COUNT(*) AS cnt   
FROM hr_member           
WHERE u_id LIKE ? || '%' 

[2022-05-31 12:05:53.146] DEBUG UserDao.getCount(UserDao.java:43) - ============================
[2022-05-31 12:05:53.186] DEBUG UserDao.getCount(UserDao.java:54) - ============================
[2022-05-31 12:05:53.186] DEBUG UserDao.getCount(UserDao.java:55) - count=0
[2022-05-31 12:05:53.186] DEBUG UserDao.getCount(UserDao.java:56) - ============================
[2022-05-31 12:05:53.240] DEBUG UserDao.add(UserDao.java:201) - ============================
[2022-05-31 12:05:53.240] DEBUG UserDao.add(UserDao.java:202) - param:UserVO [uId=p03, name=김동호03, passwd=1130]
[2022-05-31 12:05:53.240] DEBUG UserDao.add(UserDao.java:203) - sql:
 INSERT INTO hr_member (    
 	    u_id,              
 	    name,              
 	    passwd             
 ) VALUES (                 
 	?,                     
 	?,                     
 	?                      
 )                          

[2022-05-31 12:05:53.240] DEBUG UserDao.add(UserDao.java:204) - ============================
[2022-05-31 12:05:53.242] DEBUG UserDao.add(UserDao.java:214) - flag:1
[2022-05-31 12:05:53.319] DEBUG UserDao.getCount(UserDao.java:40) - ============================
[2022-05-31 12:05:53.320] DEBUG UserDao.getCount(UserDao.java:41) - param:UserVO [uId=p03, name=김동호03, passwd=1130]
[2022-05-31 12:05:53.320] DEBUG UserDao.getCount(UserDao.java:42) - sql:
SELECT COUNT(*) AS cnt   
FROM hr_member           
WHERE u_id LIKE ? || '%' 

[2022-05-31 12:05:53.320] DEBUG UserDao.getCount(UserDao.java:43) - ============================
[2022-05-31 12:05:53.323] DEBUG UserDao.getCount(UserDao.java:54) - ============================
[2022-05-31 12:05:53.323] DEBUG UserDao.getCount(UserDao.java:55) - count=1
[2022-05-31 12:05:53.323] DEBUG UserDao.getCount(UserDao.java:56) - ============================
[2022-05-31 12:05:53.383] DEBUG UserDao.add(UserDao.java:201) - ============================
[2022-05-31 12:05:53.384] DEBUG UserDao.add(UserDao.java:202) - param:UserVO [uId=p030, name=김동호030, passwd=1130]
[2022-05-31 12:05:53.384] DEBUG UserDao.add(UserDao.java:203) - sql:
 INSERT INTO hr_member (    
 	    u_id,              
 	    name,              
 	    passwd             
 ) VALUES (                 
 	?,                     
 	?,                     
 	?                      
 )                          

[2022-05-31 12:05:53.384] DEBUG UserDao.add(UserDao.java:204) - ============================
[2022-05-31 12:05:53.385] DEBUG UserDao.add(UserDao.java:214) - flag:1
[2022-05-31 12:05:53.435] DEBUG UserDao.getCount(UserDao.java:40) - ============================
[2022-05-31 12:05:53.435] DEBUG UserDao.getCount(UserDao.java:41) - param:UserVO [uId=p03, name=김동호03, passwd=1130]
[2022-05-31 12:05:53.435] DEBUG UserDao.getCount(UserDao.java:42) - sql:
SELECT COUNT(*) AS cnt   
FROM hr_member           
WHERE u_id LIKE ? || '%' 

[2022-05-31 12:05:53.435] DEBUG UserDao.getCount(UserDao.java:43) - ============================
[2022-05-31 12:05:53.436] DEBUG UserDao.getCount(UserDao.java:54) - ============================
[2022-05-31 12:05:53.436] DEBUG UserDao.getCount(UserDao.java:55) - count=2
[2022-05-31 12:05:53.436] DEBUG UserDao.getCount(UserDao.java:56) - ============================
[2022-05-31 12:05:53.496] DEBUG UserDao.get(UserDao.java:131) - ============================
[2022-05-31 12:05:53.497] DEBUG UserDao.get(UserDao.java:132) - param:UserVO [uId=p03, name=김동호03, passwd=1130]
[2022-05-31 12:05:53.497] DEBUG UserDao.get(UserDao.java:133) - sql:
SELECT u_id,     
       name,     
       passwd    
FROM   hr_member 
WHERE  u_id = ?  

[2022-05-31 12:05:53.497] DEBUG UserDao.get(UserDao.java:134) - ============================
[2022-05-31 12:05:53.507] DEBUG UserDao.get(UserDao.java:154) - ============================
[2022-05-31 12:05:53.507] DEBUG UserDao.get(UserDao.java:155) - outVO=UserVO [uId=p03, name=김동호03, passwd=1130]
[2022-05-31 12:05:53.507] DEBUG UserDao.get(UserDao.java:156) - ============================
[2022-05-31 12:05:53.583] DEBUG UserDao.get(UserDao.java:131) - ============================
[2022-05-31 12:05:53.584] DEBUG UserDao.get(UserDao.java:132) - param:UserVO [uId=p030, name=김동호030, passwd=1130]
[2022-05-31 12:05:53.584] DEBUG UserDao.get(UserDao.java:133) - sql:
SELECT u_id,     
       name,     
       passwd    
FROM   hr_member 
WHERE  u_id = ?  

[2022-05-31 12:05:53.584] DEBUG UserDao.get(UserDao.java:134) - ============================
[2022-05-31 12:05:53.585] DEBUG UserDao.get(UserDao.java:154) - ============================
[2022-05-31 12:05:53.585] DEBUG UserDao.get(UserDao.java:155) - outVO=UserVO [uId=p030, name=김동호030, passwd=1130]
[2022-05-31 12:05:53.585] DEBUG UserDao.get(UserDao.java:156) - ============================
[2022-05-31 12:05:53.587] DEBUG JUnitUserDaoTest.tearDown(JUnitUserDaoTest.java:106) - ========================
[2022-05-31 12:05:53.587] DEBUG JUnitUserDaoTest.tearDown(JUnitUserDaoTest.java:107) - =9.tearDown()=
[2022-05-31 12:05:53.587] DEBUG JUnitUserDaoTest.tearDown(JUnitUserDaoTest.java:108) - ========================
[2022-05-31 12:05:53.589] DEBUG JUnitUserDaoTest.setUp(JUnitUserDaoTest.java:90) - ========================
[2022-05-31 12:05:53.590] DEBUG JUnitUserDaoTest.setUp(JUnitUserDaoTest.java:91) - =0.setUp()=
[2022-05-31 12:05:53.590] DEBUG JUnitUserDaoTest.setUp(JUnitUserDaoTest.java:92) - ========================
[2022-05-31 12:05:53.590] DEBUG JUnitUserDaoTest.setUp(JUnitUserDaoTest.java:97) - context : org.springframework.context.support.GenericApplicationContext@4c309d4d, started on Tue May 31 12:05:52 KST 2022
[2022-05-31 12:05:53.590] DEBUG JUnitUserDaoTest.setUp(JUnitUserDaoTest.java:98) - dao : com.pcwk.ehr.UserDao@64ec96c6
[2022-05-31 12:05:53.591] DEBUG JUnitUserDaoTest.getFailure(JUnitUserDaoTest.java:79) - ========================
[2022-05-31 12:05:53.591] DEBUG JUnitUserDaoTest.getFailure(JUnitUserDaoTest.java:80) - =2.getFailure()=
[2022-05-31 12:05:53.591] DEBUG JUnitUserDaoTest.getFailure(JUnitUserDaoTest.java:81) - ========================
[2022-05-31 12:05:53.649] DEBUG UserDaoDeleteAllStatement.makeStatement(UserDaoDeleteAllStatement.java:17) - ============================
[2022-05-31 12:05:53.649] DEBUG UserDaoDeleteAllStatement.makeStatement(UserDaoDeleteAllStatement.java:18) - sql:
DELETE FROM hr_member 

[2022-05-31 12:05:53.649] DEBUG UserDaoDeleteAllStatement.makeStatement(UserDaoDeleteAllStatement.java:19) - ============================
[2022-05-31 12:05:53.712] DEBUG UserDao.get(UserDao.java:131) - ============================
[2022-05-31 12:05:53.712] DEBUG UserDao.get(UserDao.java:132) - param:UserVO [uId=p03, name=김동호03, passwd=1130]
[2022-05-31 12:05:53.712] DEBUG UserDao.get(UserDao.java:133) - sql:
SELECT u_id,     
       name,     
       passwd    
FROM   hr_member 
WHERE  u_id = ?  

[2022-05-31 12:05:53.712] DEBUG UserDao.get(UserDao.java:134) - ============================
[2022-05-31 12:05:53.715] DEBUG JUnitUserDaoTest.tearDown(JUnitUserDaoTest.java:106) - ========================
[2022-05-31 12:05:53.716] DEBUG JUnitUserDaoTest.tearDown(JUnitUserDaoTest.java:107) - =9.tearDown()=
[2022-05-31 12:05:53.716] DEBUG JUnitUserDaoTest.tearDown(JUnitUserDaoTest.java:108) - ========================
[2022-05-31 12:16:56.744] INFO  AbstractTestContextBootstrapper.getDefaultTestExecutionListenerClassNames(AbstractTestContextBootstrapper.java:245) - Loaded default TestExecutionListener class names from location [META-INF/spring.factories]: [org.springframework.test.context.web.ServletTestExecutionListener, org.springframework.test.context.support.DirtiesContextBeforeModesTestExecutionListener, org.springframework.test.context.event.ApplicationEventsTestExecutionListener, org.springframework.test.context.support.DependencyInjectionTestExecutionListener, org.springframework.test.context.support.DirtiesContextTestExecutionListener, org.springframework.test.context.transaction.TransactionalTestExecutionListener, org.springframework.test.context.jdbc.SqlScriptsTestExecutionListener, org.springframework.test.context.event.EventPublishingTestExecutionListener]
[2022-05-31 12:16:56.753] INFO  AbstractTestContextBootstrapper.getTestExecutionListeners(AbstractTestContextBootstrapper.java:174) - Using TestExecutionListeners: [org.springframework.test.context.support.DirtiesContextBeforeModesTestExecutionListener@15de0b3c, org.springframework.test.context.event.ApplicationEventsTestExecutionListener@489115ef, org.springframework.test.context.support.DependencyInjectionTestExecutionListener@3857f613, org.springframework.test.context.support.DirtiesContextTestExecutionListener@198b6731, org.springframework.test.context.transaction.TransactionalTestExecutionListener@7c6908d7, org.springframework.test.context.jdbc.SqlScriptsTestExecutionListener@3c9754d8, org.springframework.test.context.event.EventPublishingTestExecutionListener@3bf7ca37]
[2022-05-31 12:16:56.974] DEBUG JUnitUserDaoTest.setUp(JUnitUserDaoTest.java:90) - ========================
[2022-05-31 12:16:56.974] DEBUG JUnitUserDaoTest.setUp(JUnitUserDaoTest.java:91) - =0.setUp()=
[2022-05-31 12:16:56.974] DEBUG JUnitUserDaoTest.setUp(JUnitUserDaoTest.java:92) - ========================
[2022-05-31 12:16:56.976] DEBUG JUnitUserDaoTest.setUp(JUnitUserDaoTest.java:97) - context : org.springframework.context.support.GenericApplicationContext@4c309d4d, started on Tue May 31 12:16:56 KST 2022
[2022-05-31 12:16:56.976] DEBUG JUnitUserDaoTest.setUp(JUnitUserDaoTest.java:98) - dao : com.pcwk.ehr.UserDao@64ec96c6
[2022-05-31 12:16:56.976] DEBUG JUnitUserDaoTest.addAndGet(JUnitUserDaoTest.java:35) - ========================
[2022-05-31 12:16:56.977] DEBUG JUnitUserDaoTest.addAndGet(JUnitUserDaoTest.java:36) - =1.addAndGet()=
[2022-05-31 12:16:56.977] DEBUG JUnitUserDaoTest.addAndGet(JUnitUserDaoTest.java:37) - ========================
[2022-05-31 12:16:57.365] DEBUG UserDaoDeleteAllStatement.makeStatement(UserDaoDeleteAllStatement.java:17) - ============================
[2022-05-31 12:16:57.366] DEBUG UserDaoDeleteAllStatement.makeStatement(UserDaoDeleteAllStatement.java:18) - sql:
DELETE FROM hr_member 

[2022-05-31 12:16:57.366] DEBUG UserDaoDeleteAllStatement.makeStatement(UserDaoDeleteAllStatement.java:19) - ============================
[2022-05-31 12:16:57.473] DEBUG UserDao.getCount(UserDao.java:40) - ============================
[2022-05-31 12:16:57.474] DEBUG UserDao.getCount(UserDao.java:41) - param:UserVO [uId=p03, name=김동호03, passwd=1130]
[2022-05-31 12:16:57.474] DEBUG UserDao.getCount(UserDao.java:42) - sql:
SELECT COUNT(*) AS cnt   
FROM hr_member           
WHERE u_id LIKE ? || '%' 

[2022-05-31 12:16:57.474] DEBUG UserDao.getCount(UserDao.java:43) - ============================
[2022-05-31 12:16:57.512] DEBUG UserDao.getCount(UserDao.java:54) - ============================
[2022-05-31 12:16:57.512] DEBUG UserDao.getCount(UserDao.java:55) - count=0
[2022-05-31 12:16:57.512] DEBUG UserDao.getCount(UserDao.java:56) - ============================
[2022-05-31 12:16:57.564] DEBUG UserDao.add(UserDao.java:200) - ============================
[2022-05-31 12:16:57.564] DEBUG UserDao.add(UserDao.java:201) - param:UserVO [uId=p03, name=김동호03, passwd=1130]
[2022-05-31 12:16:57.564] DEBUG UserDao.add(UserDao.java:202) - sql:
 INSERT INTO hr_member (    
 	    u_id,              
 	    name,              
 	    passwd             
 ) VALUES (                 
 	?,                     
 	?,                     
 	?                      
 )                          

[2022-05-31 12:16:57.564] DEBUG UserDao.add(UserDao.java:203) - ============================
[2022-05-31 12:16:57.566] DEBUG UserDao.add(UserDao.java:213) - flag:1
[2022-05-31 12:16:57.634] DEBUG UserDao.getCount(UserDao.java:40) - ============================
[2022-05-31 12:16:57.634] DEBUG UserDao.getCount(UserDao.java:41) - param:UserVO [uId=p03, name=김동호03, passwd=1130]
[2022-05-31 12:16:57.634] DEBUG UserDao.getCount(UserDao.java:42) - sql:
SELECT COUNT(*) AS cnt   
FROM hr_member           
WHERE u_id LIKE ? || '%' 

[2022-05-31 12:16:57.634] DEBUG UserDao.getCount(UserDao.java:43) - ============================
[2022-05-31 12:16:57.636] DEBUG UserDao.getCount(UserDao.java:54) - ============================
[2022-05-31 12:16:57.637] DEBUG UserDao.getCount(UserDao.java:55) - count=1
[2022-05-31 12:16:57.637] DEBUG UserDao.getCount(UserDao.java:56) - ============================
[2022-05-31 12:16:57.678] DEBUG UserDao.add(UserDao.java:200) - ============================
[2022-05-31 12:16:57.678] DEBUG UserDao.add(UserDao.java:201) - param:UserVO [uId=p030, name=김동호030, passwd=1130]
[2022-05-31 12:16:57.678] DEBUG UserDao.add(UserDao.java:202) - sql:
 INSERT INTO hr_member (    
 	    u_id,              
 	    name,              
 	    passwd             
 ) VALUES (                 
 	?,                     
 	?,                     
 	?                      
 )                          

[2022-05-31 12:16:57.678] DEBUG UserDao.add(UserDao.java:203) - ============================
[2022-05-31 12:16:57.679] DEBUG UserDao.add(UserDao.java:213) - flag:1
[2022-05-31 12:16:57.725] DEBUG UserDao.getCount(UserDao.java:40) - ============================
[2022-05-31 12:16:57.726] DEBUG UserDao.getCount(UserDao.java:41) - param:UserVO [uId=p03, name=김동호03, passwd=1130]
[2022-05-31 12:16:57.726] DEBUG UserDao.getCount(UserDao.java:42) - sql:
SELECT COUNT(*) AS cnt   
FROM hr_member           
WHERE u_id LIKE ? || '%' 

[2022-05-31 12:16:57.726] DEBUG UserDao.getCount(UserDao.java:43) - ============================
[2022-05-31 12:16:57.727] DEBUG UserDao.getCount(UserDao.java:54) - ============================
[2022-05-31 12:16:57.727] DEBUG UserDao.getCount(UserDao.java:55) - count=2
[2022-05-31 12:16:57.727] DEBUG UserDao.getCount(UserDao.java:56) - ============================
[2022-05-31 12:16:57.772] DEBUG UserDao.get(UserDao.java:130) - ============================
[2022-05-31 12:16:57.772] DEBUG UserDao.get(UserDao.java:131) - param:UserVO [uId=p03, name=김동호03, passwd=1130]
[2022-05-31 12:16:57.772] DEBUG UserDao.get(UserDao.java:132) - sql:
SELECT u_id,     
       name,     
       passwd    
FROM   hr_member 
WHERE  u_id = ?  

[2022-05-31 12:16:57.772] DEBUG UserDao.get(UserDao.java:133) - ============================
[2022-05-31 12:16:57.780] DEBUG UserDao.get(UserDao.java:153) - ============================
[2022-05-31 12:16:57.780] DEBUG UserDao.get(UserDao.java:154) - outVO=UserVO [uId=p03, name=김동호03, passwd=1130]
[2022-05-31 12:16:57.780] DEBUG UserDao.get(UserDao.java:155) - ============================
[2022-05-31 12:16:57.831] DEBUG UserDao.get(UserDao.java:130) - ============================
[2022-05-31 12:16:57.831] DEBUG UserDao.get(UserDao.java:131) - param:UserVO [uId=p030, name=김동호030, passwd=1130]
[2022-05-31 12:16:57.831] DEBUG UserDao.get(UserDao.java:132) - sql:
SELECT u_id,     
       name,     
       passwd    
FROM   hr_member 
WHERE  u_id = ?  

[2022-05-31 12:16:57.832] DEBUG UserDao.get(UserDao.java:133) - ============================
[2022-05-31 12:16:57.833] DEBUG UserDao.get(UserDao.java:153) - ============================
[2022-05-31 12:16:57.833] DEBUG UserDao.get(UserDao.java:154) - outVO=UserVO [uId=p030, name=김동호030, passwd=1130]
[2022-05-31 12:16:57.833] DEBUG UserDao.get(UserDao.java:155) - ============================
[2022-05-31 12:16:57.835] DEBUG JUnitUserDaoTest.tearDown(JUnitUserDaoTest.java:106) - ========================
[2022-05-31 12:16:57.835] DEBUG JUnitUserDaoTest.tearDown(JUnitUserDaoTest.java:107) - =9.tearDown()=
[2022-05-31 12:16:57.835] DEBUG JUnitUserDaoTest.tearDown(JUnitUserDaoTest.java:108) - ========================
[2022-05-31 12:16:57.837] DEBUG JUnitUserDaoTest.setUp(JUnitUserDaoTest.java:90) - ========================
[2022-05-31 12:16:57.837] DEBUG JUnitUserDaoTest.setUp(JUnitUserDaoTest.java:91) - =0.setUp()=
[2022-05-31 12:16:57.837] DEBUG JUnitUserDaoTest.setUp(JUnitUserDaoTest.java:92) - ========================
[2022-05-31 12:16:57.837] DEBUG JUnitUserDaoTest.setUp(JUnitUserDaoTest.java:97) - context : org.springframework.context.support.GenericApplicationContext@4c309d4d, started on Tue May 31 12:16:56 KST 2022
[2022-05-31 12:16:57.838] DEBUG JUnitUserDaoTest.setUp(JUnitUserDaoTest.java:98) - dao : com.pcwk.ehr.UserDao@64ec96c6
[2022-05-31 12:16:57.838] DEBUG JUnitUserDaoTest.getFailure(JUnitUserDaoTest.java:79) - ========================
[2022-05-31 12:16:57.838] DEBUG JUnitUserDaoTest.getFailure(JUnitUserDaoTest.java:80) - =2.getFailure()=
[2022-05-31 12:16:57.838] DEBUG JUnitUserDaoTest.getFailure(JUnitUserDaoTest.java:81) - ========================
[2022-05-31 12:16:57.884] DEBUG UserDaoDeleteAllStatement.makeStatement(UserDaoDeleteAllStatement.java:17) - ============================
[2022-05-31 12:16:57.884] DEBUG UserDaoDeleteAllStatement.makeStatement(UserDaoDeleteAllStatement.java:18) - sql:
DELETE FROM hr_member 

[2022-05-31 12:16:57.884] DEBUG UserDaoDeleteAllStatement.makeStatement(UserDaoDeleteAllStatement.java:19) - ============================
[2022-05-31 12:16:57.930] DEBUG UserDao.get(UserDao.java:130) - ============================
[2022-05-31 12:16:57.930] DEBUG UserDao.get(UserDao.java:131) - param:UserVO [uId=p03, name=김동호03, passwd=1130]
[2022-05-31 12:16:57.930] DEBUG UserDao.get(UserDao.java:132) - sql:
SELECT u_id,     
       name,     
       passwd    
FROM   hr_member 
WHERE  u_id = ?  

[2022-05-31 12:16:57.930] DEBUG UserDao.get(UserDao.java:133) - ============================
[2022-05-31 12:16:57.931] DEBUG JUnitUserDaoTest.tearDown(JUnitUserDaoTest.java:106) - ========================
[2022-05-31 12:16:57.931] DEBUG JUnitUserDaoTest.tearDown(JUnitUserDaoTest.java:107) - =9.tearDown()=
[2022-05-31 12:16:57.931] DEBUG JUnitUserDaoTest.tearDown(JUnitUserDaoTest.java:108) - ========================
[2022-05-31 12:34:24.850] INFO  AbstractTestContextBootstrapper.getDefaultTestExecutionListenerClassNames(AbstractTestContextBootstrapper.java:245) - Loaded default TestExecutionListener class names from location [META-INF/spring.factories]: [org.springframework.test.context.web.ServletTestExecutionListener, org.springframework.test.context.support.DirtiesContextBeforeModesTestExecutionListener, org.springframework.test.context.event.ApplicationEventsTestExecutionListener, org.springframework.test.context.support.DependencyInjectionTestExecutionListener, org.springframework.test.context.support.DirtiesContextTestExecutionListener, org.springframework.test.context.transaction.TransactionalTestExecutionListener, org.springframework.test.context.jdbc.SqlScriptsTestExecutionListener, org.springframework.test.context.event.EventPublishingTestExecutionListener]
[2022-05-31 12:34:24.860] INFO  AbstractTestContextBootstrapper.getTestExecutionListeners(AbstractTestContextBootstrapper.java:174) - Using TestExecutionListeners: [org.springframework.test.context.support.DirtiesContextBeforeModesTestExecutionListener@15de0b3c, org.springframework.test.context.event.ApplicationEventsTestExecutionListener@489115ef, org.springframework.test.context.support.DependencyInjectionTestExecutionListener@3857f613, org.springframework.test.context.support.DirtiesContextTestExecutionListener@198b6731, org.springframework.test.context.transaction.TransactionalTestExecutionListener@7c6908d7, org.springframework.test.context.jdbc.SqlScriptsTestExecutionListener@3c9754d8, org.springframework.test.context.event.EventPublishingTestExecutionListener@3bf7ca37]
[2022-05-31 12:34:25.122] DEBUG JUnitUserDaoTest.setUp(JUnitUserDaoTest.java:90) - ========================
[2022-05-31 12:34:25.123] DEBUG JUnitUserDaoTest.setUp(JUnitUserDaoTest.java:91) - =0.setUp()=
[2022-05-31 12:34:25.123] DEBUG JUnitUserDaoTest.setUp(JUnitUserDaoTest.java:92) - ========================
[2022-05-31 12:34:25.125] DEBUG JUnitUserDaoTest.setUp(JUnitUserDaoTest.java:97) - context : org.springframework.context.support.GenericApplicationContext@4c309d4d, started on Tue May 31 12:34:24 KST 2022
[2022-05-31 12:34:25.126] DEBUG JUnitUserDaoTest.setUp(JUnitUserDaoTest.java:98) - dao : com.pcwk.ehr.UserDao@64ec96c6
[2022-05-31 12:34:25.126] DEBUG JUnitUserDaoTest.addAndGet(JUnitUserDaoTest.java:35) - ========================
[2022-05-31 12:34:25.126] DEBUG JUnitUserDaoTest.addAndGet(JUnitUserDaoTest.java:36) - =1.addAndGet()=
[2022-05-31 12:34:25.126] DEBUG JUnitUserDaoTest.addAndGet(JUnitUserDaoTest.java:37) - ========================
[2022-05-31 12:34:25.539] DEBUG UserDaoDeleteAllStatement.makeStatement(UserDaoDeleteAllStatement.java:17) - ============================
[2022-05-31 12:34:25.539] DEBUG UserDaoDeleteAllStatement.makeStatement(UserDaoDeleteAllStatement.java:18) - sql:
DELETE FROM hr_member 

[2022-05-31 12:34:25.539] DEBUG UserDaoDeleteAllStatement.makeStatement(UserDaoDeleteAllStatement.java:19) - ============================
[2022-05-31 12:34:25.638] DEBUG UserDao.getCount(UserDao.java:40) - ============================
[2022-05-31 12:34:25.638] DEBUG UserDao.getCount(UserDao.java:41) - param:UserVO [uId=p03, name=김동호03, passwd=1130]
[2022-05-31 12:34:25.638] DEBUG UserDao.getCount(UserDao.java:42) - sql:
SELECT COUNT(*) AS cnt   
FROM hr_member           
WHERE u_id LIKE ? || '%' 

[2022-05-31 12:34:25.639] DEBUG UserDao.getCount(UserDao.java:43) - ============================
[2022-05-31 12:34:25.674] DEBUG UserDao.getCount(UserDao.java:54) - ============================
[2022-05-31 12:34:25.675] DEBUG UserDao.getCount(UserDao.java:55) - count=0
[2022-05-31 12:34:25.675] DEBUG UserDao.getCount(UserDao.java:56) - ============================
[2022-05-31 12:34:25.718] DEBUG UserDaoAddStatement.makeStatement(UserDaoAddStatement.java:34) - ============================
[2022-05-31 12:34:25.718] DEBUG UserDaoAddStatement.makeStatement(UserDaoAddStatement.java:35) - param:UserVO [uId=p03, name=김동호03, passwd=1130]
[2022-05-31 12:34:25.718] DEBUG UserDaoAddStatement.makeStatement(UserDaoAddStatement.java:36) - sql:
 INSERT INTO hr_member (    
 	    u_id,              
 	    name,              
 	    passwd             
 ) VALUES (                 
 	?,                     
 	?,                     
 	?                      
 )                          

[2022-05-31 12:34:25.718] DEBUG UserDaoAddStatement.makeStatement(UserDaoAddStatement.java:37) - ============================
[2022-05-31 12:34:25.766] DEBUG UserDao.getCount(UserDao.java:40) - ============================
[2022-05-31 12:34:25.766] DEBUG UserDao.getCount(UserDao.java:41) - param:UserVO [uId=p03, name=김동호03, passwd=1130]
[2022-05-31 12:34:25.766] DEBUG UserDao.getCount(UserDao.java:42) - sql:
SELECT COUNT(*) AS cnt   
FROM hr_member           
WHERE u_id LIKE ? || '%' 

[2022-05-31 12:34:25.766] DEBUG UserDao.getCount(UserDao.java:43) - ============================
[2022-05-31 12:34:25.767] DEBUG UserDao.getCount(UserDao.java:54) - ============================
[2022-05-31 12:34:25.768] DEBUG UserDao.getCount(UserDao.java:55) - count=1
[2022-05-31 12:34:25.768] DEBUG UserDao.getCount(UserDao.java:56) - ============================
[2022-05-31 12:34:25.811] DEBUG UserDaoAddStatement.makeStatement(UserDaoAddStatement.java:34) - ============================
[2022-05-31 12:34:25.812] DEBUG UserDaoAddStatement.makeStatement(UserDaoAddStatement.java:35) - param:UserVO [uId=p030, name=김동호030, passwd=1130]
[2022-05-31 12:34:25.812] DEBUG UserDaoAddStatement.makeStatement(UserDaoAddStatement.java:36) - sql:
 INSERT INTO hr_member (    
 	    u_id,              
 	    name,              
 	    passwd             
 ) VALUES (                 
 	?,                     
 	?,                     
 	?                      
 )                          

[2022-05-31 12:34:25.812] DEBUG UserDaoAddStatement.makeStatement(UserDaoAddStatement.java:37) - ============================
[2022-05-31 12:34:25.866] DEBUG UserDao.getCount(UserDao.java:40) - ============================
[2022-05-31 12:34:25.866] DEBUG UserDao.getCount(UserDao.java:41) - param:UserVO [uId=p03, name=김동호03, passwd=1130]
[2022-05-31 12:34:25.866] DEBUG UserDao.getCount(UserDao.java:42) - sql:
SELECT COUNT(*) AS cnt   
FROM hr_member           
WHERE u_id LIKE ? || '%' 

[2022-05-31 12:34:25.866] DEBUG UserDao.getCount(UserDao.java:43) - ============================
[2022-05-31 12:34:25.867] DEBUG UserDao.getCount(UserDao.java:54) - ============================
[2022-05-31 12:34:25.868] DEBUG UserDao.getCount(UserDao.java:55) - count=2
[2022-05-31 12:34:25.868] DEBUG UserDao.getCount(UserDao.java:56) - ============================
[2022-05-31 12:34:25.924] DEBUG UserDao.get(UserDao.java:151) - ============================
[2022-05-31 12:34:25.925] DEBUG UserDao.get(UserDao.java:152) - param:UserVO [uId=p03, name=김동호03, passwd=1130]
[2022-05-31 12:34:25.925] DEBUG UserDao.get(UserDao.java:153) - sql:
SELECT u_id,     
       name,     
       passwd    
FROM   hr_member 
WHERE  u_id = ?  

[2022-05-31 12:34:25.925] DEBUG UserDao.get(UserDao.java:154) - ============================
[2022-05-31 12:34:25.933] DEBUG UserDao.get(UserDao.java:174) - ============================
[2022-05-31 12:34:25.933] DEBUG UserDao.get(UserDao.java:175) - outVO=UserVO [uId=p03, name=김동호03, passwd=1130]
[2022-05-31 12:34:25.933] DEBUG UserDao.get(UserDao.java:176) - ============================
[2022-05-31 12:34:25.977] DEBUG UserDao.get(UserDao.java:151) - ============================
[2022-05-31 12:34:25.977] DEBUG UserDao.get(UserDao.java:152) - param:UserVO [uId=p030, name=김동호030, passwd=1130]
[2022-05-31 12:34:25.977] DEBUG UserDao.get(UserDao.java:153) - sql:
SELECT u_id,     
       name,     
       passwd    
FROM   hr_member 
WHERE  u_id = ?  

[2022-05-31 12:34:25.977] DEBUG UserDao.get(UserDao.java:154) - ============================
[2022-05-31 12:34:25.979] DEBUG UserDao.get(UserDao.java:174) - ============================
[2022-05-31 12:34:25.979] DEBUG UserDao.get(UserDao.java:175) - outVO=UserVO [uId=p030, name=김동호030, passwd=1130]
[2022-05-31 12:34:25.979] DEBUG UserDao.get(UserDao.java:176) - ============================
[2022-05-31 12:34:25.981] DEBUG JUnitUserDaoTest.tearDown(JUnitUserDaoTest.java:106) - ========================
[2022-05-31 12:34:25.981] DEBUG JUnitUserDaoTest.tearDown(JUnitUserDaoTest.java:107) - =9.tearDown()=
[2022-05-31 12:34:25.981] DEBUG JUnitUserDaoTest.tearDown(JUnitUserDaoTest.java:108) - ========================
[2022-05-31 12:34:25.983] DEBUG JUnitUserDaoTest.setUp(JUnitUserDaoTest.java:90) - ========================
[2022-05-31 12:34:25.984] DEBUG JUnitUserDaoTest.setUp(JUnitUserDaoTest.java:91) - =0.setUp()=
[2022-05-31 12:34:25.984] DEBUG JUnitUserDaoTest.setUp(JUnitUserDaoTest.java:92) - ========================
[2022-05-31 12:34:25.984] DEBUG JUnitUserDaoTest.setUp(JUnitUserDaoTest.java:97) - context : org.springframework.context.support.GenericApplicationContext@4c309d4d, started on Tue May 31 12:34:24 KST 2022
[2022-05-31 12:34:25.984] DEBUG JUnitUserDaoTest.setUp(JUnitUserDaoTest.java:98) - dao : com.pcwk.ehr.UserDao@64ec96c6
[2022-05-31 12:34:25.984] DEBUG JUnitUserDaoTest.getFailure(JUnitUserDaoTest.java:79) - ========================
[2022-05-31 12:34:25.984] DEBUG JUnitUserDaoTest.getFailure(JUnitUserDaoTest.java:80) - =2.getFailure()=
[2022-05-31 12:34:25.984] DEBUG JUnitUserDaoTest.getFailure(JUnitUserDaoTest.java:81) - ========================
[2022-05-31 12:34:26.025] DEBUG UserDaoDeleteAllStatement.makeStatement(UserDaoDeleteAllStatement.java:17) - ============================
[2022-05-31 12:34:26.025] DEBUG UserDaoDeleteAllStatement.makeStatement(UserDaoDeleteAllStatement.java:18) - sql:
DELETE FROM hr_member 

[2022-05-31 12:34:26.025] DEBUG UserDaoDeleteAllStatement.makeStatement(UserDaoDeleteAllStatement.java:19) - ============================
[2022-05-31 12:34:26.069] DEBUG UserDao.get(UserDao.java:151) - ============================
[2022-05-31 12:34:26.069] DEBUG UserDao.get(UserDao.java:152) - param:UserVO [uId=p03, name=김동호03, passwd=1130]
[2022-05-31 12:34:26.069] DEBUG UserDao.get(UserDao.java:153) - sql:
SELECT u_id,     
       name,     
       passwd    
FROM   hr_member 
WHERE  u_id = ?  

[2022-05-31 12:34:26.069] DEBUG UserDao.get(UserDao.java:154) - ============================
[2022-05-31 12:34:26.071] DEBUG JUnitUserDaoTest.tearDown(JUnitUserDaoTest.java:106) - ========================
[2022-05-31 12:34:26.071] DEBUG JUnitUserDaoTest.tearDown(JUnitUserDaoTest.java:107) - =9.tearDown()=
[2022-05-31 12:34:26.072] DEBUG JUnitUserDaoTest.tearDown(JUnitUserDaoTest.java:108) - ========================
